<?xml version="1.0" encoding="UTF-8"?>
<testsuite xmlns:xsi="http://www.w3.org/2001/XMLSchema-instance" xsi:noNamespaceSchemaLocation="https://maven.apache.org/surefire/maven-surefire-plugin/xsd/surefire-test-report-3.0.xsd" version="3.0" name="TestSuite" time="60.844" tests="15" errors="0" skipped="0" failures="0">
  <properties>
    <property name="sun.desktop" value="windows"/>
    <property name="awt.toolkit" value="sun.awt.windows.WToolkit"/>
    <property name="file.encoding.pkg" value="sun.io"/>
    <property name="java.specification.version" value="1.8"/>
    <property name="webdriver.chrome.driver" value="C:\Users\a.khawaja\.cache\selenium\chromedriver\win32\96.0.4664.45\chromedriver.exe"/>
    <property name="sun.cpu.isalist" value="amd64"/>
    <property name="sun.jnu.encoding" value="Cp1252"/>
    <property name="java.class.path" value="C:\Users\a.khawaja\IdeaProjects\Capmo\target\test-classes;C:\Users\a.khawaja\IdeaProjects\Capmo\target\classes;C:\Users\a.khawaja\.m2\repository\org\testng\testng\6.14.3\testng-6.14.3.jar;C:\Users\a.khawaja\.m2\repository\com\beust\jcommander\1.72\jcommander-1.72.jar;C:\Users\a.khawaja\.m2\repository\org\apache-extras\beanshell\bsh\2.0b6\bsh-2.0b6.jar;C:\Users\a.khawaja\.m2\repository\io\github\bonigarcia\webdrivermanager\5.0.3\webdrivermanager-5.0.3.jar;C:\Users\a.khawaja\.m2\repository\org\slf4j\slf4j-api\1.7.32\slf4j-api-1.7.32.jar;C:\Users\a.khawaja\.m2\repository\com\google\code\gson\gson\2.8.8\gson-2.8.8.jar;C:\Users\a.khawaja\.m2\repository\org\jsoup\jsoup\1.14.2\jsoup-1.14.2.jar;C:\Users\a.khawaja\.m2\repository\com\github\docker-java\docker-java\3.2.12\docker-java-3.2.12.jar;C:\Users\a.khawaja\.m2\repository\com\github\docker-java\docker-java-core\3.2.12\docker-java-core-3.2.12.jar;C:\Users\a.khawaja\.m2\repository\com\github\docker-java\docker-java-api\3.2.12\docker-java-api-3.2.12.jar;C:\Users\a.khawaja\.m2\repository\com\fasterxml\jackson\core\jackson-annotations\2.10.3\jackson-annotations-2.10.3.jar;C:\Users\a.khawaja\.m2\repository\org\apache\commons\commons-compress\1.21\commons-compress-1.21.jar;C:\Users\a.khawaja\.m2\repository\commons-lang\commons-lang\2.6\commons-lang-2.6.jar;C:\Users\a.khawaja\.m2\repository\com\fasterxml\jackson\core\jackson-databind\2.10.3\jackson-databind-2.10.3.jar;C:\Users\a.khawaja\.m2\repository\com\fasterxml\jackson\core\jackson-core\2.10.3\jackson-core-2.10.3.jar;C:\Users\a.khawaja\.m2\repository\org\bouncycastle\bcpkix-jdk15on\1.64\bcpkix-jdk15on-1.64.jar;C:\Users\a.khawaja\.m2\repository\org\bouncycastle\bcprov-jdk15on\1.64\bcprov-jdk15on-1.64.jar;C:\Users\a.khawaja\.m2\repository\org\slf4j\jcl-over-slf4j\1.7.30\jcl-over-slf4j-1.7.30.jar;C:\Users\a.khawaja\.m2\repository\com\github\docker-java\docker-java-transport-httpclient5\3.2.12\docker-java-transport-httpclient5-3.2.12.jar;C:\Users\a.khawaja\.m2\repository\com\github\docker-java\docker-java-transport\3.2.12\docker-java-transport-3.2.12.jar;C:\Users\a.khawaja\.m2\repository\org\apache\httpcomponents\client5\httpclient5\5.0.3\httpclient5-5.0.3.jar;C:\Users\a.khawaja\.m2\repository\org\apache\httpcomponents\core5\httpcore5\5.0.2\httpcore5-5.0.2.jar;C:\Users\a.khawaja\.m2\repository\commons-codec\commons-codec\1.13\commons-codec-1.13.jar;C:\Users\a.khawaja\.m2\repository\net\java\dev\jna\jna\5.8.0\jna-5.8.0.jar;C:\Users\a.khawaja\.m2\repository\com\google\guava\guava\30.1.1-jre\guava-30.1.1-jre.jar;C:\Users\a.khawaja\.m2\repository\com\google\guava\failureaccess\1.0.1\failureaccess-1.0.1.jar;C:\Users\a.khawaja\.m2\repository\com\google\guava\listenablefuture\9999.0-empty-to-avoid-conflict-with-guava\listenablefuture-9999.0-empty-to-avoid-conflict-with-guava.jar;C:\Users\a.khawaja\.m2\repository\com\google\code\findbugs\jsr305\3.0.2\jsr305-3.0.2.jar;C:\Users\a.khawaja\.m2\repository\org\checkerframework\checker-qual\3.8.0\checker-qual-3.8.0.jar;C:\Users\a.khawaja\.m2\repository\com\google\errorprone\error_prone_annotations\2.5.1\error_prone_annotations-2.5.1.jar;C:\Users\a.khawaja\.m2\repository\com\google\j2objc\j2objc-annotations\1.3\j2objc-annotations-1.3.jar;C:\Users\a.khawaja\.m2\repository\org\brotli\dec\0.1.2\dec-0.1.2.jar;C:\Users\a.khawaja\.m2\repository\org\apache\poi\poi\3.6\poi-3.6.jar;C:\Users\a.khawaja\.m2\repository\commons-logging\commons-logging\1.1\commons-logging-1.1.jar;C:\Users\a.khawaja\.m2\repository\logkit\logkit\1.0.1\logkit-1.0.1.jar;C:\Users\a.khawaja\.m2\repository\avalon-framework\avalon-framework\4.1.3\avalon-framework-4.1.3.jar;C:\Users\a.khawaja\.m2\repository\javax\servlet\servlet-api\2.3\servlet-api-2.3.jar;C:\Users\a.khawaja\.m2\repository\org\apache\poi\poi-ooxml\3.6\poi-ooxml-3.6.jar;C:\Users\a.khawaja\.m2\repository\org\apache\poi\poi-ooxml-schemas\3.6\poi-ooxml-schemas-3.6.jar;C:\Users\a.khawaja\.m2\repository\org\apache\geronimo\specs\geronimo-stax-api_1.0_spec\1.0\geronimo-stax-api_1.0_spec-1.0.jar;C:\Users\a.khawaja\.m2\repository\dom4j\dom4j\1.1\dom4j-1.1.jar;C:\Users\a.khawaja\.m2\repository\org\apache\xmlbeans\xmlbeans\2.3.0\xmlbeans-2.3.0.jar;C:\Users\a.khawaja\.m2\repository\stax\stax-api\1.0.1\stax-api-1.0.1.jar;C:\Users\a.khawaja\.m2\repository\commons-io\commons-io\2.6\commons-io-2.6.jar;C:\Users\a.khawaja\.m2\repository\org\seleniumhq\selenium\selenium-java\3.141.5\selenium-java-3.141.5.jar;C:\Users\a.khawaja\.m2\repository\org\seleniumhq\selenium\selenium-api\3.141.5\selenium-api-3.141.5.jar;C:\Users\a.khawaja\.m2\repository\org\seleniumhq\selenium\selenium-chrome-driver\3.141.5\selenium-chrome-driver-3.141.5.jar;C:\Users\a.khawaja\.m2\repository\org\seleniumhq\selenium\selenium-edge-driver\3.141.5\selenium-edge-driver-3.141.5.jar;C:\Users\a.khawaja\.m2\repository\org\seleniumhq\selenium\selenium-firefox-driver\3.141.5\selenium-firefox-driver-3.141.5.jar;C:\Users\a.khawaja\.m2\repository\org\seleniumhq\selenium\selenium-ie-driver\3.141.5\selenium-ie-driver-3.141.5.jar;C:\Users\a.khawaja\.m2\repository\org\seleniumhq\selenium\selenium-opera-driver\3.141.5\selenium-opera-driver-3.141.5.jar;C:\Users\a.khawaja\.m2\repository\org\seleniumhq\selenium\selenium-remote-driver\3.141.5\selenium-remote-driver-3.141.5.jar;C:\Users\a.khawaja\.m2\repository\org\seleniumhq\selenium\selenium-safari-driver\3.141.5\selenium-safari-driver-3.141.5.jar;C:\Users\a.khawaja\.m2\repository\org\seleniumhq\selenium\selenium-support\3.141.5\selenium-support-3.141.5.jar;C:\Users\a.khawaja\.m2\repository\net\bytebuddy\byte-buddy\1.8.15\byte-buddy-1.8.15.jar;C:\Users\a.khawaja\.m2\repository\org\apache\commons\commons-exec\1.3\commons-exec-1.3.jar;C:\Users\a.khawaja\.m2\repository\com\squareup\okhttp3\okhttp\3.11.0\okhttp-3.11.0.jar;C:\Users\a.khawaja\.m2\repository\com\squareup\okio\okio\1.14.0\okio-1.14.0.jar;C:\Users\a.khawaja\.m2\repository\log4j\log4j\1.2.17\log4j-1.2.17.jar;C:\Users\a.khawaja\.m2\repository\com\relevantcodes\extentreports\2.41.2\extentreports-2.41.2.jar;C:\Users\a.khawaja\.m2\repository\org\xerial\sqlite-jdbc\3.8.11.1\sqlite-jdbc-3.8.11.1.jar;C:\Users\a.khawaja\.m2\repository\org\freemarker\freemarker\2.3.23\freemarker-2.3.23.jar;C:\Users\a.khawaja\.m2\repository\org\mongodb\mongodb-driver\3.0.4\mongodb-driver-3.0.4.jar;C:\Users\a.khawaja\.m2\repository\org\mongodb\bson\3.0.4\bson-3.0.4.jar;C:\Users\a.khawaja\.m2\repository\org\mongodb\mongodb-driver-core\3.0.4\mongodb-driver-core-3.0.4.jar;"/>
    <property name="java.vm.vendor" value="Oracle Corporation"/>
    <property name="sun.arch.data.model" value="64"/>
    <property name="user.variant" value=""/>
    <property name="java.vendor.url" value="http://java.oracle.com/"/>
    <property name="user.timezone" value="Europe/Berlin"/>
    <property name="testngfile" value="testng.xml"/>
    <property name="java.vm.specification.version" value="1.8"/>
    <property name="os.name" value="Windows 10"/>
    <property name="user.country" value="DE"/>
    <property name="sun.java.launcher" value="SUN_STANDARD"/>
    <property name="sun.boot.library.path" value="C:\Program Files\Java\jdk1.8.0_301\jre\bin"/>
    <property name="sun.java.command" value="C:\Users\a.khawaja\AppData\Local\Temp\surefire3396665911323109966\surefirebooter2774142712408634260.jar C:\Users\a.khawaja\AppData\Local\Temp\surefire3396665911323109966 2021-12-06T07-39-48_507-jvmRun1 surefire1866803342810119045tmp surefire_05710697667873432056tmp"/>
    <property name="surefire.test.class.path" value="C:\Users\a.khawaja\IdeaProjects\Capmo\target\test-classes;C:\Users\a.khawaja\IdeaProjects\Capmo\target\classes;C:\Users\a.khawaja\.m2\repository\org\testng\testng\6.14.3\testng-6.14.3.jar;C:\Users\a.khawaja\.m2\repository\com\beust\jcommander\1.72\jcommander-1.72.jar;C:\Users\a.khawaja\.m2\repository\org\apache-extras\beanshell\bsh\2.0b6\bsh-2.0b6.jar;C:\Users\a.khawaja\.m2\repository\io\github\bonigarcia\webdrivermanager\5.0.3\webdrivermanager-5.0.3.jar;C:\Users\a.khawaja\.m2\repository\org\slf4j\slf4j-api\1.7.32\slf4j-api-1.7.32.jar;C:\Users\a.khawaja\.m2\repository\com\google\code\gson\gson\2.8.8\gson-2.8.8.jar;C:\Users\a.khawaja\.m2\repository\org\jsoup\jsoup\1.14.2\jsoup-1.14.2.jar;C:\Users\a.khawaja\.m2\repository\com\github\docker-java\docker-java\3.2.12\docker-java-3.2.12.jar;C:\Users\a.khawaja\.m2\repository\com\github\docker-java\docker-java-core\3.2.12\docker-java-core-3.2.12.jar;C:\Users\a.khawaja\.m2\repository\com\github\docker-java\docker-java-api\3.2.12\docker-java-api-3.2.12.jar;C:\Users\a.khawaja\.m2\repository\com\fasterxml\jackson\core\jackson-annotations\2.10.3\jackson-annotations-2.10.3.jar;C:\Users\a.khawaja\.m2\repository\org\apache\commons\commons-compress\1.21\commons-compress-1.21.jar;C:\Users\a.khawaja\.m2\repository\commons-lang\commons-lang\2.6\commons-lang-2.6.jar;C:\Users\a.khawaja\.m2\repository\com\fasterxml\jackson\core\jackson-databind\2.10.3\jackson-databind-2.10.3.jar;C:\Users\a.khawaja\.m2\repository\com\fasterxml\jackson\core\jackson-core\2.10.3\jackson-core-2.10.3.jar;C:\Users\a.khawaja\.m2\repository\org\bouncycastle\bcpkix-jdk15on\1.64\bcpkix-jdk15on-1.64.jar;C:\Users\a.khawaja\.m2\repository\org\bouncycastle\bcprov-jdk15on\1.64\bcprov-jdk15on-1.64.jar;C:\Users\a.khawaja\.m2\repository\org\slf4j\jcl-over-slf4j\1.7.30\jcl-over-slf4j-1.7.30.jar;C:\Users\a.khawaja\.m2\repository\com\github\docker-java\docker-java-transport-httpclient5\3.2.12\docker-java-transport-httpclient5-3.2.12.jar;C:\Users\a.khawaja\.m2\repository\com\github\docker-java\docker-java-transport\3.2.12\docker-java-transport-3.2.12.jar;C:\Users\a.khawaja\.m2\repository\org\apache\httpcomponents\client5\httpclient5\5.0.3\httpclient5-5.0.3.jar;C:\Users\a.khawaja\.m2\repository\org\apache\httpcomponents\core5\httpcore5\5.0.2\httpcore5-5.0.2.jar;C:\Users\a.khawaja\.m2\repository\commons-codec\commons-codec\1.13\commons-codec-1.13.jar;C:\Users\a.khawaja\.m2\repository\net\java\dev\jna\jna\5.8.0\jna-5.8.0.jar;C:\Users\a.khawaja\.m2\repository\com\google\guava\guava\30.1.1-jre\guava-30.1.1-jre.jar;C:\Users\a.khawaja\.m2\repository\com\google\guava\failureaccess\1.0.1\failureaccess-1.0.1.jar;C:\Users\a.khawaja\.m2\repository\com\google\guava\listenablefuture\9999.0-empty-to-avoid-conflict-with-guava\listenablefuture-9999.0-empty-to-avoid-conflict-with-guava.jar;C:\Users\a.khawaja\.m2\repository\com\google\code\findbugs\jsr305\3.0.2\jsr305-3.0.2.jar;C:\Users\a.khawaja\.m2\repository\org\checkerframework\checker-qual\3.8.0\checker-qual-3.8.0.jar;C:\Users\a.khawaja\.m2\repository\com\google\errorprone\error_prone_annotations\2.5.1\error_prone_annotations-2.5.1.jar;C:\Users\a.khawaja\.m2\repository\com\google\j2objc\j2objc-annotations\1.3\j2objc-annotations-1.3.jar;C:\Users\a.khawaja\.m2\repository\org\brotli\dec\0.1.2\dec-0.1.2.jar;C:\Users\a.khawaja\.m2\repository\org\apache\poi\poi\3.6\poi-3.6.jar;C:\Users\a.khawaja\.m2\repository\commons-logging\commons-logging\1.1\commons-logging-1.1.jar;C:\Users\a.khawaja\.m2\repository\logkit\logkit\1.0.1\logkit-1.0.1.jar;C:\Users\a.khawaja\.m2\repository\avalon-framework\avalon-framework\4.1.3\avalon-framework-4.1.3.jar;C:\Users\a.khawaja\.m2\repository\javax\servlet\servlet-api\2.3\servlet-api-2.3.jar;C:\Users\a.khawaja\.m2\repository\org\apache\poi\poi-ooxml\3.6\poi-ooxml-3.6.jar;C:\Users\a.khawaja\.m2\repository\org\apache\poi\poi-ooxml-schemas\3.6\poi-ooxml-schemas-3.6.jar;C:\Users\a.khawaja\.m2\repository\org\apache\geronimo\specs\geronimo-stax-api_1.0_spec\1.0\geronimo-stax-api_1.0_spec-1.0.jar;C:\Users\a.khawaja\.m2\repository\dom4j\dom4j\1.1\dom4j-1.1.jar;C:\Users\a.khawaja\.m2\repository\org\apache\xmlbeans\xmlbeans\2.3.0\xmlbeans-2.3.0.jar;C:\Users\a.khawaja\.m2\repository\stax\stax-api\1.0.1\stax-api-1.0.1.jar;C:\Users\a.khawaja\.m2\repository\commons-io\commons-io\2.6\commons-io-2.6.jar;C:\Users\a.khawaja\.m2\repository\org\seleniumhq\selenium\selenium-java\3.141.5\selenium-java-3.141.5.jar;C:\Users\a.khawaja\.m2\repository\org\seleniumhq\selenium\selenium-api\3.141.5\selenium-api-3.141.5.jar;C:\Users\a.khawaja\.m2\repository\org\seleniumhq\selenium\selenium-chrome-driver\3.141.5\selenium-chrome-driver-3.141.5.jar;C:\Users\a.khawaja\.m2\repository\org\seleniumhq\selenium\selenium-edge-driver\3.141.5\selenium-edge-driver-3.141.5.jar;C:\Users\a.khawaja\.m2\repository\org\seleniumhq\selenium\selenium-firefox-driver\3.141.5\selenium-firefox-driver-3.141.5.jar;C:\Users\a.khawaja\.m2\repository\org\seleniumhq\selenium\selenium-ie-driver\3.141.5\selenium-ie-driver-3.141.5.jar;C:\Users\a.khawaja\.m2\repository\org\seleniumhq\selenium\selenium-opera-driver\3.141.5\selenium-opera-driver-3.141.5.jar;C:\Users\a.khawaja\.m2\repository\org\seleniumhq\selenium\selenium-remote-driver\3.141.5\selenium-remote-driver-3.141.5.jar;C:\Users\a.khawaja\.m2\repository\org\seleniumhq\selenium\selenium-safari-driver\3.141.5\selenium-safari-driver-3.141.5.jar;C:\Users\a.khawaja\.m2\repository\org\seleniumhq\selenium\selenium-support\3.141.5\selenium-support-3.141.5.jar;C:\Users\a.khawaja\.m2\repository\net\bytebuddy\byte-buddy\1.8.15\byte-buddy-1.8.15.jar;C:\Users\a.khawaja\.m2\repository\org\apache\commons\commons-exec\1.3\commons-exec-1.3.jar;C:\Users\a.khawaja\.m2\repository\com\squareup\okhttp3\okhttp\3.11.0\okhttp-3.11.0.jar;C:\Users\a.khawaja\.m2\repository\com\squareup\okio\okio\1.14.0\okio-1.14.0.jar;C:\Users\a.khawaja\.m2\repository\log4j\log4j\1.2.17\log4j-1.2.17.jar;C:\Users\a.khawaja\.m2\repository\com\relevantcodes\extentreports\2.41.2\extentreports-2.41.2.jar;C:\Users\a.khawaja\.m2\repository\org\xerial\sqlite-jdbc\3.8.11.1\sqlite-jdbc-3.8.11.1.jar;C:\Users\a.khawaja\.m2\repository\org\freemarker\freemarker\2.3.23\freemarker-2.3.23.jar;C:\Users\a.khawaja\.m2\repository\org\mongodb\mongodb-driver\3.0.4\mongodb-driver-3.0.4.jar;C:\Users\a.khawaja\.m2\repository\org\mongodb\bson\3.0.4\bson-3.0.4.jar;C:\Users\a.khawaja\.m2\repository\org\mongodb\mongodb-driver-core\3.0.4\mongodb-driver-core-3.0.4.jar;"/>
    <property name="sun.cpu.endian" value="little"/>
    <property name="user.home" value="C:\Users\a.khawaja"/>
    <property name="user.language" value="de"/>
    <property name="java.specification.vendor" value="Oracle Corporation"/>
    <property name="java.home" value="C:\Program Files\Java\jdk1.8.0_301\jre"/>
    <property name="basedir" value="C:\Users\a.khawaja\IdeaProjects\Capmo"/>
    <property name="file.separator" value="\"/>
    <property name="line.separator" value="&#10;"/>
    <property name="java.vm.specification.vendor" value="Oracle Corporation"/>
    <property name="java.specification.name" value="Java Platform API Specification"/>
    <property name="java.awt.graphicsenv" value="sun.awt.Win32GraphicsEnvironment"/>
    <property name="surefire.real.class.path" value="C:\Users\a.khawaja\AppData\Local\Temp\surefire3396665911323109966\surefirebooter2774142712408634260.jar"/>
    <property name="sun.boot.class.path" value="C:\Program Files\Java\jdk1.8.0_301\jre\lib\resources.jar;C:\Program Files\Java\jdk1.8.0_301\jre\lib\rt.jar;C:\Program Files\Java\jdk1.8.0_301\jre\lib\sunrsasign.jar;C:\Program Files\Java\jdk1.8.0_301\jre\lib\jsse.jar;C:\Program Files\Java\jdk1.8.0_301\jre\lib\jce.jar;C:\Program Files\Java\jdk1.8.0_301\jre\lib\charsets.jar;C:\Program Files\Java\jdk1.8.0_301\jre\lib\jfr.jar;C:\Program Files\Java\jdk1.8.0_301\jre\classes"/>
    <property name="user.script" value=""/>
    <property name="sun.management.compiler" value="HotSpot 64-Bit Tiered Compilers"/>
    <property name="java.runtime.version" value="1.8.0_301-b09"/>
    <property name="user.name" value="a.khawaja"/>
    <property name="path.separator" value=";"/>
    <property name="os.version" value="10.0"/>
    <property name="java.endorsed.dirs" value="C:\Program Files\Java\jdk1.8.0_301\jre\lib\endorsed"/>
    <property name="java.runtime.name" value="Java(TM) SE Runtime Environment"/>
    <property name="file.encoding" value="Cp1252"/>
    <property name="java.vm.name" value="Java HotSpot(TM) 64-Bit Server VM"/>
    <property name="localRepository" value="C:\Users\a.khawaja\.m2\repository"/>
    <property name="java.vendor.url.bug" value="http://bugreport.sun.com/bugreport/"/>
    <property name="java.io.tmpdir" value="C:\Users\AEBB2~1.KHA\AppData\Local\Temp\"/>
    <property name="java.version" value="1.8.0_301"/>
    <property name="user.dir" value="C:\Users\a.khawaja\IdeaProjects\Capmo"/>
    <property name="os.arch" value="amd64"/>
    <property name="java.vm.specification.name" value="Java Virtual Machine Specification"/>
    <property name="java.awt.printerjob" value="sun.awt.windows.WPrinterJob"/>
    <property name="sun.os.patch.level" value=""/>
    <property name="java.library.path" value="C:\Program Files\Java\jdk1.8.0_301\jre\bin;C:\WINDOWS\Sun\Java\bin;C:\WINDOWS\system32;C:\WINDOWS;C:\Program Files (x86)\Common Files\Oracle\Java\javapath;C:\WINDOWS\system32;C:\WINDOWS;C:\WINDOWS\System32\Wbem;C:\WINDOWS\System32\WindowsPowerShell\v1.0\;C:\WINDOWS\System32\OpenSSH\;C:\Program Files\Java\jdk1.8.0_301\bin;C:\Program Files\apache-maven-3.8.3-bin\apache-maven-3.8.3\bin;C:\Program Files\nodejs\;C:\ProgramData\chocolatey\bin;C:\Program Files\apache-maven-3.8.3-bin\apache-maven-3.8.3\bin;C:\Users\a.khawaja\AppData\Local\Android\Sdk\cmdline-tools\latest\bin;C:\Users\a.khawaja\AppData\Local\Android\Sdk\platform-tools;C:\Users\a.khawaja\AppData\Local\Android\Sdk\tools;C:\Users\a.khawaja\AppData\Local\Android\Sdk\tools\bin;C:\Users\a.khawaja\AppData\Local\Android\Sdk\tools\lib\x86_64\swt.jar;;C:\Program Files\Docker\Docker\resources\bin;C:\ProgramData\DockerDesktop\version-bin;C:\Users\a.khawaja\AppData\Local\Programs\Python\Python39\Scripts\;C:\Users\a.khawaja\AppData\Local\Programs\Python\Python39\;C:\Users\a.khawaja\AppData\Local\Microsoft\WindowsApps;C:\Users\a.khawaja\AppData\Local\Programs\Git\cmd;C:\Users\a.khawaja\AppData\Roaming\npm;C:\Users\a.khawaja\AppData\Local\Programs\Microsoft VS Code\bin;."/>
    <property name="java.vm.info" value="mixed mode"/>
    <property name="java.vendor" value="Oracle Corporation"/>
    <property name="java.vm.version" value="25.301-b09"/>
    <property name="java.ext.dirs" value="C:\Program Files\Java\jdk1.8.0_301\jre\lib\ext;C:\WINDOWS\Sun\Java\lib\ext"/>
    <property name="sun.io.unicode.encoding" value="UnicodeLittle"/>
    <property name="java.class.version" value="52.0"/>
  </properties>
  <testcase name="verifyCartPage[{Description=Happy path, ProductDescription=Get your testing superhero on with the Sauce Labs bolt T-shirt. From American Apparel, 100% ringspun combed cotton, heather gray with red bolt., Username=standard_user, ProductName=Sauce Labs Bolt T-Shirt, ProductPrice=$15.99, ProductPrice2=$49.99, SecondProductDescription=It&apos;s not every day that you come across a midweight quarter-zip fleece jacket capable of handling everything from a relaxing day outdoors to a busy day at the office., Password=secret_sauce, LastName=Test2, SecondProductName=Sauce Labs Fleece Jacket, ZipCode=4109.0, SecondProductPrice=49.99, FirstName=Test1, FirstProductPrice=15.99}](1)" classname="tests.CartPageTests" time="4.999">
    <system-out><![CDATA[2021-12-06 07:39:49 INFO  : BasePage.TestBase :64 - Initializing all elements
LoginTest
Test starts from row - 11
Total rows are  - 1
Total cols are  - 14
2021-12-06 07:39:50 INFO  : BasePage.TestBase :142 - Running on Windows Operating System with chrome browser
2021-12-06 07:39:52 INFO  PageBase: pages.PageBase :55 - Executing waitForElementTobeClickable command for the element: [[ChromeDriver: chrome on WINDOWS (8c915ab5bfadcacc78ef1ae12110bc3d)] -> xpath: //input[@id='user-name']]
2021-12-06 07:39:52 INFO  PageBase: pages.PageBase :58 - Waiting for the element:[[ChromeDriver: chrome on WINDOWS (8c915ab5bfadcacc78ef1ae12110bc3d)] -> xpath: //input[@id='user-name']] to be clickable
2021-12-06 07:39:52 INFO  PageBase: pages.PageBase :73 - Executing isElementPresent command on the element: [[ChromeDriver: chrome on WINDOWS (8c915ab5bfadcacc78ef1ae12110bc3d)] -> xpath: //input[@id='user-name']]
2021-12-06 07:39:52 INFO  PageBase: pages.PageBase :42 - Executing INPUT text command for the element:[[ChromeDriver: chrome on WINDOWS (8c915ab5bfadcacc78ef1ae12110bc3d)] -> xpath: //input[@id='user-name']] with value: standard_user
2021-12-06 07:39:52 INFO  PageBase: pages.PageBase :55 - Executing waitForElementTobeClickable command for the element: [[ChromeDriver: chrome on WINDOWS (8c915ab5bfadcacc78ef1ae12110bc3d)] -> xpath: //input[@id='user-name']]
2021-12-06 07:39:52 INFO  PageBase: pages.PageBase :58 - Waiting for the element:[[ChromeDriver: chrome on WINDOWS (8c915ab5bfadcacc78ef1ae12110bc3d)] -> xpath: //input[@id='user-name']] to be clickable
2021-12-06 07:39:52 INFO  PageBase: pages.PageBase :55 - Executing waitForElementTobeClickable command for the element: [[ChromeDriver: chrome on WINDOWS (8c915ab5bfadcacc78ef1ae12110bc3d)] -> xpath: //input[@id='password']]
2021-12-06 07:39:52 INFO  PageBase: pages.PageBase :58 - Waiting for the element:[[ChromeDriver: chrome on WINDOWS (8c915ab5bfadcacc78ef1ae12110bc3d)] -> xpath: //input[@id='password']] to be clickable
2021-12-06 07:39:53 INFO  PageBase: pages.PageBase :73 - Executing isElementPresent command on the element: [[ChromeDriver: chrome on WINDOWS (8c915ab5bfadcacc78ef1ae12110bc3d)] -> xpath: //input[@id='password']]
2021-12-06 07:39:53 INFO  PageBase: pages.PageBase :42 - Executing INPUT text command for the element:[[ChromeDriver: chrome on WINDOWS (8c915ab5bfadcacc78ef1ae12110bc3d)] -> xpath: //input[@id='password']] with value: secret_sauce
2021-12-06 07:39:53 INFO  PageBase: pages.PageBase :55 - Executing waitForElementTobeClickable command for the element: [[ChromeDriver: chrome on WINDOWS (8c915ab5bfadcacc78ef1ae12110bc3d)] -> xpath: //input[@id='password']]
2021-12-06 07:39:53 INFO  PageBase: pages.PageBase :58 - Waiting for the element:[[ChromeDriver: chrome on WINDOWS (8c915ab5bfadcacc78ef1ae12110bc3d)] -> xpath: //input[@id='password']] to be clickable
2021-12-06 07:39:53 INFO  PageBase: pages.PageBase :55 - Executing waitForElementTobeClickable command for the element: [[ChromeDriver: chrome on WINDOWS (8c915ab5bfadcacc78ef1ae12110bc3d)] -> xpath: //input[@id='login-button']]
2021-12-06 07:39:53 INFO  PageBase: pages.PageBase :58 - Waiting for the element:[[ChromeDriver: chrome on WINDOWS (8c915ab5bfadcacc78ef1ae12110bc3d)] -> xpath: //input[@id='login-button']] to be clickable
2021-12-06 07:39:53 INFO  PageBase: pages.PageBase :92 - Executing CLICK command on the element: [[ChromeDriver: chrome on WINDOWS (8c915ab5bfadcacc78ef1ae12110bc3d)] -> xpath: //input[@id='login-button']]
2021-12-06 07:39:53 INFO  PageBase: pages.PageBase :73 - Executing isElementPresent command on the element: [[ChromeDriver: chrome on WINDOWS (8c915ab5bfadcacc78ef1ae12110bc3d)] -> xpath: //input[@id='login-button']]
2021-12-06 07:39:53 INFO  PageBase: pages.PageBase :55 - Executing waitForElementTobeClickable command for the element: [[ChromeDriver: chrome on WINDOWS (8c915ab5bfadcacc78ef1ae12110bc3d)] -> xpath: //input[@id='login-button']]
2021-12-06 07:39:53 INFO  PageBase: pages.PageBase :58 - Waiting for the element:[[ChromeDriver: chrome on WINDOWS (8c915ab5bfadcacc78ef1ae12110bc3d)] -> xpath: //input[@id='login-button']] to be clickable
2021-12-06 07:39:53 INFO  PageBase: pages.PageBase :111 - Executing waitForPageToLoad command
2021-12-06 07:39:53 INFO  PageBase: pages.PageBase :112 - Waiting for the page to load completely
2021-12-06 07:39:53 INFO  PageBase: pages.PageBase :118 - Page is loaded completely
2021-12-06 07:39:53 INFO  PageBase: pages.PageBase :92 - Executing CLICK command on the element: [[ChromeDriver: chrome on WINDOWS (8c915ab5bfadcacc78ef1ae12110bc3d)] -> xpath: //div[@class='inventory_list']//div[3]//div[@class='inventory_item_description']//div[@class='pricebar']//button]
2021-12-06 07:39:53 INFO  PageBase: pages.PageBase :73 - Executing isElementPresent command on the element: [[ChromeDriver: chrome on WINDOWS (8c915ab5bfadcacc78ef1ae12110bc3d)] -> xpath: //div[@class='inventory_list']//div[3]//div[@class='inventory_item_description']//div[@class='pricebar']//button]
2021-12-06 07:39:53 INFO  PageBase: pages.PageBase :55 - Executing waitForElementTobeClickable command for the element: [[ChromeDriver: chrome on WINDOWS (8c915ab5bfadcacc78ef1ae12110bc3d)] -> xpath: //div[@class='inventory_list']//div[3]//div[@class='inventory_item_description']//div[@class='pricebar']//button]
2021-12-06 07:39:53 INFO  PageBase: pages.PageBase :58 - Waiting for the element:[[ChromeDriver: chrome on WINDOWS (8c915ab5bfadcacc78ef1ae12110bc3d)] -> xpath: //div[@class='inventory_list']//div[3]//div[@class='inventory_item_description']//div[@class='pricebar']//button] to be clickable
2021-12-06 07:39:53 INFO  PageBase: pages.PageBase :111 - Executing waitForPageToLoad command
2021-12-06 07:39:53 INFO  PageBase: pages.PageBase :112 - Waiting for the page to load completely
2021-12-06 07:39:53 INFO  PageBase: pages.PageBase :118 - Page is loaded completely
2021-12-06 07:39:54 INFO  PageBase: pages.PageBase :92 - Executing CLICK command on the element: [[ChromeDriver: chrome on WINDOWS (8c915ab5bfadcacc78ef1ae12110bc3d)] -> xpath: //div[@class='inventory_list']//div[4]//div[@class='inventory_item_description']//div[@class='pricebar']//button]
2021-12-06 07:39:54 INFO  PageBase: pages.PageBase :73 - Executing isElementPresent command on the element: [[ChromeDriver: chrome on WINDOWS (8c915ab5bfadcacc78ef1ae12110bc3d)] -> xpath: //div[@class='inventory_list']//div[4]//div[@class='inventory_item_description']//div[@class='pricebar']//button]
2021-12-06 07:39:54 INFO  PageBase: pages.PageBase :55 - Executing waitForElementTobeClickable command for the element: [[ChromeDriver: chrome on WINDOWS (8c915ab5bfadcacc78ef1ae12110bc3d)] -> xpath: //div[@class='inventory_list']//div[4]//div[@class='inventory_item_description']//div[@class='pricebar']//button]
2021-12-06 07:39:54 INFO  PageBase: pages.PageBase :58 - Waiting for the element:[[ChromeDriver: chrome on WINDOWS (8c915ab5bfadcacc78ef1ae12110bc3d)] -> xpath: //div[@class='inventory_list']//div[4]//div[@class='inventory_item_description']//div[@class='pricebar']//button] to be clickable
2021-12-06 07:39:54 INFO  PageBase: pages.PageBase :92 - Executing CLICK command on the element: [[ChromeDriver: chrome on WINDOWS (8c915ab5bfadcacc78ef1ae12110bc3d)] -> xpath: //a[@class='shopping_cart_link']]
2021-12-06 07:39:54 INFO  PageBase: pages.PageBase :73 - Executing isElementPresent command on the element: [[ChromeDriver: chrome on WINDOWS (8c915ab5bfadcacc78ef1ae12110bc3d)] -> xpath: //a[@class='shopping_cart_link']]
2021-12-06 07:39:54 INFO  PageBase: pages.PageBase :55 - Executing waitForElementTobeClickable command for the element: [[ChromeDriver: chrome on WINDOWS (8c915ab5bfadcacc78ef1ae12110bc3d)] -> xpath: //a[@class='shopping_cart_link']]
2021-12-06 07:39:54 INFO  PageBase: pages.PageBase :58 - Waiting for the element:[[ChromeDriver: chrome on WINDOWS (8c915ab5bfadcacc78ef1ae12110bc3d)] -> xpath: //a[@class='shopping_cart_link']] to be clickable
2021-12-06 07:39:54 INFO  PageBase: pages.PageBase :111 - Executing waitForPageToLoad command
2021-12-06 07:39:54 INFO  PageBase: pages.PageBase :112 - Waiting for the page to load completely
2021-12-06 07:39:54 INFO  PageBase: pages.PageBase :118 - Page is loaded completely
2021-12-06 07:39:54 INFO  PageBase: pages.PageBase :111 - Executing waitForPageToLoad command
2021-12-06 07:39:54 INFO  PageBase: pages.PageBase :112 - Waiting for the page to load completely
2021-12-06 07:39:54 INFO  PageBase: pages.PageBase :118 - Page is loaded completely
2021-12-06 07:39:54 INFO  PageBase: pages.PageBase :111 - Executing waitForPageToLoad command
2021-12-06 07:39:54 INFO  PageBase: pages.PageBase :112 - Waiting for the page to load completely
2021-12-06 07:39:54 INFO  PageBase: pages.PageBase :118 - Page is loaded completely
2021-12-06 07:39:54 INFO  PageBase: pages.PageBase :111 - Executing waitForPageToLoad command
2021-12-06 07:39:54 INFO  PageBase: pages.PageBase :112 - Waiting for the page to load completely
2021-12-06 07:39:54 INFO  PageBase: pages.PageBase :118 - Page is loaded completely
2021-12-06 07:39:54 INFO  PageBase: pages.PageBase :111 - Executing waitForPageToLoad command
2021-12-06 07:39:54 INFO  PageBase: pages.PageBase :112 - Waiting for the page to load completely
2021-12-06 07:39:54 INFO  PageBase: pages.PageBase :118 - Page is loaded completely
2021-12-06 07:39:54 INFO  PageBase: pages.PageBase :111 - Executing waitForPageToLoad command
2021-12-06 07:39:54 INFO  PageBase: pages.PageBase :112 - Waiting for the page to load completely
2021-12-06 07:39:54 INFO  PageBase: pages.PageBase :118 - Page is loaded completely
]]></system-out>
    <system-err><![CDATA[log4j:ERROR Could not find value for key log4j.appender.console
log4j:ERROR Could not instantiate appender named "console".
Dez 06, 2021 7:39:50 AM com.relevantcodes.extentreports.ExtentReports loadConfig
WARNUNG: Unable to perform report configuration. The file C:\Users\a.khawaja\IdeaProjects\Capmo\ReportsConfig.xml was not found.
SLF4J: Failed to load class "org.slf4j.impl.StaticLoggerBinder".
SLF4J: Defaulting to no-operation (NOP) logger implementation
SLF4J: See http://www.slf4j.org/codes.html#StaticLoggerBinder for further details.
Starting ChromeDriver 96.0.4664.45 (76e4c1bb2ab4671b8beba3444e61c0f17584b2fc-refs/branch-heads/4664@{#947}) on port 23237
Only local connections are allowed.
Please see https://chromedriver.chromium.org/security-considerations for suggestions on keeping ChromeDriver safe.
ChromeDriver was started successfully.
Dez 06, 2021 7:39:51 AM org.openqa.selenium.remote.ProtocolHandshake createSession
INFORMATION: Detected dialect: W3C
]]></system-err>
  </testcase>
  <testcase name="verifyClickOnBackToShopping[{Description=Happy path, ProductDescription=Get your testing superhero on with the Sauce Labs bolt T-shirt. From American Apparel, 100% ringspun combed cotton, heather gray with red bolt., Username=standard_user, ProductName=Sauce Labs Bolt T-Shirt, ProductPrice=$15.99, ProductPrice2=$49.99, SecondProductDescription=It&apos;s not every day that you come across a midweight quarter-zip fleece jacket capable of handling everything from a relaxing day outdoors to a busy day at the office., Password=secret_sauce, LastName=Test2, SecondProductName=Sauce Labs Fleece Jacket, ZipCode=4109.0, SecondProductPrice=49.99, FirstName=Test1, FirstProductPrice=15.99}](1)" classname="tests.CartPageTests" time="3.472">
    <system-out><![CDATA[LoginTest
Test starts from row - 11
Total rows are  - 1
Total cols are  - 14
2021-12-06 07:39:55 INFO  : BasePage.TestBase :142 - Running on Windows Operating System with chrome browser
2021-12-06 07:39:56 INFO  PageBase: pages.PageBase :55 - Executing waitForElementTobeClickable command for the element: [[ChromeDriver: chrome on WINDOWS (58090cb977f42a1db9df8e619b1f55cc)] -> xpath: //input[@id='user-name']]
2021-12-06 07:39:56 INFO  PageBase: pages.PageBase :58 - Waiting for the element:[[ChromeDriver: chrome on WINDOWS (58090cb977f42a1db9df8e619b1f55cc)] -> xpath: //input[@id='user-name']] to be clickable
2021-12-06 07:39:56 INFO  PageBase: pages.PageBase :73 - Executing isElementPresent command on the element: [[ChromeDriver: chrome on WINDOWS (58090cb977f42a1db9df8e619b1f55cc)] -> xpath: //input[@id='user-name']]
2021-12-06 07:39:56 INFO  PageBase: pages.PageBase :42 - Executing INPUT text command for the element:[[ChromeDriver: chrome on WINDOWS (58090cb977f42a1db9df8e619b1f55cc)] -> xpath: //input[@id='user-name']] with value: standard_user
2021-12-06 07:39:56 INFO  PageBase: pages.PageBase :55 - Executing waitForElementTobeClickable command for the element: [[ChromeDriver: chrome on WINDOWS (58090cb977f42a1db9df8e619b1f55cc)] -> xpath: //input[@id='user-name']]
2021-12-06 07:39:56 INFO  PageBase: pages.PageBase :58 - Waiting for the element:[[ChromeDriver: chrome on WINDOWS (58090cb977f42a1db9df8e619b1f55cc)] -> xpath: //input[@id='user-name']] to be clickable
2021-12-06 07:39:57 INFO  PageBase: pages.PageBase :55 - Executing waitForElementTobeClickable command for the element: [[ChromeDriver: chrome on WINDOWS (58090cb977f42a1db9df8e619b1f55cc)] -> xpath: //input[@id='password']]
2021-12-06 07:39:57 INFO  PageBase: pages.PageBase :58 - Waiting for the element:[[ChromeDriver: chrome on WINDOWS (58090cb977f42a1db9df8e619b1f55cc)] -> xpath: //input[@id='password']] to be clickable
2021-12-06 07:39:57 INFO  PageBase: pages.PageBase :73 - Executing isElementPresent command on the element: [[ChromeDriver: chrome on WINDOWS (58090cb977f42a1db9df8e619b1f55cc)] -> xpath: //input[@id='password']]
2021-12-06 07:39:57 INFO  PageBase: pages.PageBase :42 - Executing INPUT text command for the element:[[ChromeDriver: chrome on WINDOWS (58090cb977f42a1db9df8e619b1f55cc)] -> xpath: //input[@id='password']] with value: secret_sauce
2021-12-06 07:39:57 INFO  PageBase: pages.PageBase :55 - Executing waitForElementTobeClickable command for the element: [[ChromeDriver: chrome on WINDOWS (58090cb977f42a1db9df8e619b1f55cc)] -> xpath: //input[@id='password']]
2021-12-06 07:39:57 INFO  PageBase: pages.PageBase :58 - Waiting for the element:[[ChromeDriver: chrome on WINDOWS (58090cb977f42a1db9df8e619b1f55cc)] -> xpath: //input[@id='password']] to be clickable
2021-12-06 07:39:57 INFO  PageBase: pages.PageBase :55 - Executing waitForElementTobeClickable command for the element: [[ChromeDriver: chrome on WINDOWS (58090cb977f42a1db9df8e619b1f55cc)] -> xpath: //input[@id='login-button']]
2021-12-06 07:39:57 INFO  PageBase: pages.PageBase :58 - Waiting for the element:[[ChromeDriver: chrome on WINDOWS (58090cb977f42a1db9df8e619b1f55cc)] -> xpath: //input[@id='login-button']] to be clickable
2021-12-06 07:39:57 INFO  PageBase: pages.PageBase :92 - Executing CLICK command on the element: [[ChromeDriver: chrome on WINDOWS (58090cb977f42a1db9df8e619b1f55cc)] -> xpath: //input[@id='login-button']]
2021-12-06 07:39:57 INFO  PageBase: pages.PageBase :73 - Executing isElementPresent command on the element: [[ChromeDriver: chrome on WINDOWS (58090cb977f42a1db9df8e619b1f55cc)] -> xpath: //input[@id='login-button']]
2021-12-06 07:39:57 INFO  PageBase: pages.PageBase :55 - Executing waitForElementTobeClickable command for the element: [[ChromeDriver: chrome on WINDOWS (58090cb977f42a1db9df8e619b1f55cc)] -> xpath: //input[@id='login-button']]
2021-12-06 07:39:57 INFO  PageBase: pages.PageBase :58 - Waiting for the element:[[ChromeDriver: chrome on WINDOWS (58090cb977f42a1db9df8e619b1f55cc)] -> xpath: //input[@id='login-button']] to be clickable
2021-12-06 07:39:57 INFO  PageBase: pages.PageBase :111 - Executing waitForPageToLoad command
2021-12-06 07:39:57 INFO  PageBase: pages.PageBase :112 - Waiting for the page to load completely
2021-12-06 07:39:57 INFO  PageBase: pages.PageBase :118 - Page is loaded completely
2021-12-06 07:39:57 INFO  PageBase: pages.PageBase :92 - Executing CLICK command on the element: [[ChromeDriver: chrome on WINDOWS (58090cb977f42a1db9df8e619b1f55cc)] -> xpath: //div[@class='inventory_list']//div[3]//div[@class='inventory_item_description']//div[@class='pricebar']//button]
2021-12-06 07:39:57 INFO  PageBase: pages.PageBase :73 - Executing isElementPresent command on the element: [[ChromeDriver: chrome on WINDOWS (58090cb977f42a1db9df8e619b1f55cc)] -> xpath: //div[@class='inventory_list']//div[3]//div[@class='inventory_item_description']//div[@class='pricebar']//button]
2021-12-06 07:39:57 INFO  PageBase: pages.PageBase :55 - Executing waitForElementTobeClickable command for the element: [[ChromeDriver: chrome on WINDOWS (58090cb977f42a1db9df8e619b1f55cc)] -> xpath: //div[@class='inventory_list']//div[3]//div[@class='inventory_item_description']//div[@class='pricebar']//button]
2021-12-06 07:39:58 INFO  PageBase: pages.PageBase :58 - Waiting for the element:[[ChromeDriver: chrome on WINDOWS (58090cb977f42a1db9df8e619b1f55cc)] -> xpath: //div[@class='inventory_list']//div[3]//div[@class='inventory_item_description']//div[@class='pricebar']//button] to be clickable
2021-12-06 07:39:58 INFO  PageBase: pages.PageBase :92 - Executing CLICK command on the element: [[ChromeDriver: chrome on WINDOWS (58090cb977f42a1db9df8e619b1f55cc)] -> xpath: //a[@class='shopping_cart_link']]
2021-12-06 07:39:58 INFO  PageBase: pages.PageBase :73 - Executing isElementPresent command on the element: [[ChromeDriver: chrome on WINDOWS (58090cb977f42a1db9df8e619b1f55cc)] -> xpath: //a[@class='shopping_cart_link']]
2021-12-06 07:39:58 INFO  PageBase: pages.PageBase :55 - Executing waitForElementTobeClickable command for the element: [[ChromeDriver: chrome on WINDOWS (58090cb977f42a1db9df8e619b1f55cc)] -> xpath: //a[@class='shopping_cart_link']]
2021-12-06 07:39:58 INFO  PageBase: pages.PageBase :58 - Waiting for the element:[[ChromeDriver: chrome on WINDOWS (58090cb977f42a1db9df8e619b1f55cc)] -> xpath: //a[@class='shopping_cart_link']] to be clickable
2021-12-06 07:39:58 INFO  PageBase: pages.PageBase :92 - Executing CLICK command on the element: [[ChromeDriver: chrome on WINDOWS (58090cb977f42a1db9df8e619b1f55cc)] -> xpath: //button[@id='continue-shopping']]
2021-12-06 07:39:58 INFO  PageBase: pages.PageBase :73 - Executing isElementPresent command on the element: [[ChromeDriver: chrome on WINDOWS (58090cb977f42a1db9df8e619b1f55cc)] -> xpath: //button[@id='continue-shopping']]
2021-12-06 07:39:58 INFO  PageBase: pages.PageBase :55 - Executing waitForElementTobeClickable command for the element: [[ChromeDriver: chrome on WINDOWS (58090cb977f42a1db9df8e619b1f55cc)] -> xpath: //button[@id='continue-shopping']]
2021-12-06 07:39:58 INFO  PageBase: pages.PageBase :58 - Waiting for the element:[[ChromeDriver: chrome on WINDOWS (58090cb977f42a1db9df8e619b1f55cc)] -> xpath: //button[@id='continue-shopping']] to be clickable
]]></system-out>
    <system-err><![CDATA[Dez 06, 2021 7:39:55 AM com.relevantcodes.extentreports.ExtentReports loadConfig
WARNUNG: Unable to perform report configuration. The file C:\Users\a.khawaja\IdeaProjects\Capmo\ReportsConfig.xml was not found.
Starting ChromeDriver 96.0.4664.45 (76e4c1bb2ab4671b8beba3444e61c0f17584b2fc-refs/branch-heads/4664@{#947}) on port 41453
Only local connections are allowed.
Please see https://chromedriver.chromium.org/security-considerations for suggestions on keeping ChromeDriver safe.
ChromeDriver was started successfully.
Dez 06, 2021 7:39:56 AM org.openqa.selenium.remote.ProtocolHandshake createSession
INFORMATION: Detected dialect: W3C
]]></system-err>
  </testcase>
  <testcase name="verifyProductRemovalFromCart[{Description=Happy path, ProductDescription=Get your testing superhero on with the Sauce Labs bolt T-shirt. From American Apparel, 100% ringspun combed cotton, heather gray with red bolt., Username=standard_user, ProductName=Sauce Labs Bolt T-Shirt, ProductPrice=$15.99, ProductPrice2=$49.99, SecondProductDescription=It&apos;s not every day that you come across a midweight quarter-zip fleece jacket capable of handling everything from a relaxing day outdoors to a busy day at the office., Password=secret_sauce, LastName=Test2, SecondProductName=Sauce Labs Fleece Jacket, ZipCode=4109.0, SecondProductPrice=49.99, FirstName=Test1, FirstProductPrice=15.99}](1)" classname="tests.CartPageTests" time="4.457">
    <system-out><![CDATA[LoginTest
Test starts from row - 11
Total rows are  - 1
Total cols are  - 14
2021-12-06 07:39:58 INFO  : BasePage.TestBase :142 - Running on Windows Operating System with chrome browser
2021-12-06 07:40:00 INFO  PageBase: pages.PageBase :55 - Executing waitForElementTobeClickable command for the element: [[ChromeDriver: chrome on WINDOWS (5348e57da1fff66ab6a2ab1988bac04b)] -> xpath: //input[@id='user-name']]
2021-12-06 07:40:00 INFO  PageBase: pages.PageBase :58 - Waiting for the element:[[ChromeDriver: chrome on WINDOWS (5348e57da1fff66ab6a2ab1988bac04b)] -> xpath: //input[@id='user-name']] to be clickable
2021-12-06 07:40:00 INFO  PageBase: pages.PageBase :73 - Executing isElementPresent command on the element: [[ChromeDriver: chrome on WINDOWS (5348e57da1fff66ab6a2ab1988bac04b)] -> xpath: //input[@id='user-name']]
2021-12-06 07:40:00 INFO  PageBase: pages.PageBase :42 - Executing INPUT text command for the element:[[ChromeDriver: chrome on WINDOWS (5348e57da1fff66ab6a2ab1988bac04b)] -> xpath: //input[@id='user-name']] with value: standard_user
2021-12-06 07:40:00 INFO  PageBase: pages.PageBase :55 - Executing waitForElementTobeClickable command for the element: [[ChromeDriver: chrome on WINDOWS (5348e57da1fff66ab6a2ab1988bac04b)] -> xpath: //input[@id='user-name']]
2021-12-06 07:40:00 INFO  PageBase: pages.PageBase :58 - Waiting for the element:[[ChromeDriver: chrome on WINDOWS (5348e57da1fff66ab6a2ab1988bac04b)] -> xpath: //input[@id='user-name']] to be clickable
2021-12-06 07:40:00 INFO  PageBase: pages.PageBase :55 - Executing waitForElementTobeClickable command for the element: [[ChromeDriver: chrome on WINDOWS (5348e57da1fff66ab6a2ab1988bac04b)] -> xpath: //input[@id='password']]
2021-12-06 07:40:00 INFO  PageBase: pages.PageBase :58 - Waiting for the element:[[ChromeDriver: chrome on WINDOWS (5348e57da1fff66ab6a2ab1988bac04b)] -> xpath: //input[@id='password']] to be clickable
2021-12-06 07:40:00 INFO  PageBase: pages.PageBase :73 - Executing isElementPresent command on the element: [[ChromeDriver: chrome on WINDOWS (5348e57da1fff66ab6a2ab1988bac04b)] -> xpath: //input[@id='password']]
2021-12-06 07:40:00 INFO  PageBase: pages.PageBase :42 - Executing INPUT text command for the element:[[ChromeDriver: chrome on WINDOWS (5348e57da1fff66ab6a2ab1988bac04b)] -> xpath: //input[@id='password']] with value: secret_sauce
2021-12-06 07:40:00 INFO  PageBase: pages.PageBase :55 - Executing waitForElementTobeClickable command for the element: [[ChromeDriver: chrome on WINDOWS (5348e57da1fff66ab6a2ab1988bac04b)] -> xpath: //input[@id='password']]
2021-12-06 07:40:00 INFO  PageBase: pages.PageBase :58 - Waiting for the element:[[ChromeDriver: chrome on WINDOWS (5348e57da1fff66ab6a2ab1988bac04b)] -> xpath: //input[@id='password']] to be clickable
2021-12-06 07:40:01 INFO  PageBase: pages.PageBase :55 - Executing waitForElementTobeClickable command for the element: [[ChromeDriver: chrome on WINDOWS (5348e57da1fff66ab6a2ab1988bac04b)] -> xpath: //input[@id='login-button']]
2021-12-06 07:40:01 INFO  PageBase: pages.PageBase :58 - Waiting for the element:[[ChromeDriver: chrome on WINDOWS (5348e57da1fff66ab6a2ab1988bac04b)] -> xpath: //input[@id='login-button']] to be clickable
2021-12-06 07:40:01 INFO  PageBase: pages.PageBase :92 - Executing CLICK command on the element: [[ChromeDriver: chrome on WINDOWS (5348e57da1fff66ab6a2ab1988bac04b)] -> xpath: //input[@id='login-button']]
2021-12-06 07:40:01 INFO  PageBase: pages.PageBase :73 - Executing isElementPresent command on the element: [[ChromeDriver: chrome on WINDOWS (5348e57da1fff66ab6a2ab1988bac04b)] -> xpath: //input[@id='login-button']]
2021-12-06 07:40:01 INFO  PageBase: pages.PageBase :55 - Executing waitForElementTobeClickable command for the element: [[ChromeDriver: chrome on WINDOWS (5348e57da1fff66ab6a2ab1988bac04b)] -> xpath: //input[@id='login-button']]
2021-12-06 07:40:01 INFO  PageBase: pages.PageBase :58 - Waiting for the element:[[ChromeDriver: chrome on WINDOWS (5348e57da1fff66ab6a2ab1988bac04b)] -> xpath: //input[@id='login-button']] to be clickable
2021-12-06 07:40:01 INFO  PageBase: pages.PageBase :111 - Executing waitForPageToLoad command
2021-12-06 07:40:01 INFO  PageBase: pages.PageBase :112 - Waiting for the page to load completely
2021-12-06 07:40:01 INFO  PageBase: pages.PageBase :118 - Page is loaded completely
2021-12-06 07:40:01 INFO  PageBase: pages.PageBase :92 - Executing CLICK command on the element: [[ChromeDriver: chrome on WINDOWS (5348e57da1fff66ab6a2ab1988bac04b)] -> xpath: //div[@class='inventory_list']//div[3]//div[@class='inventory_item_description']//div[@class='pricebar']//button]
2021-12-06 07:40:01 INFO  PageBase: pages.PageBase :73 - Executing isElementPresent command on the element: [[ChromeDriver: chrome on WINDOWS (5348e57da1fff66ab6a2ab1988bac04b)] -> xpath: //div[@class='inventory_list']//div[3]//div[@class='inventory_item_description']//div[@class='pricebar']//button]
2021-12-06 07:40:01 INFO  PageBase: pages.PageBase :55 - Executing waitForElementTobeClickable command for the element: [[ChromeDriver: chrome on WINDOWS (5348e57da1fff66ab6a2ab1988bac04b)] -> xpath: //div[@class='inventory_list']//div[3]//div[@class='inventory_item_description']//div[@class='pricebar']//button]
2021-12-06 07:40:01 INFO  PageBase: pages.PageBase :58 - Waiting for the element:[[ChromeDriver: chrome on WINDOWS (5348e57da1fff66ab6a2ab1988bac04b)] -> xpath: //div[@class='inventory_list']//div[3]//div[@class='inventory_item_description']//div[@class='pricebar']//button] to be clickable
2021-12-06 07:40:01 INFO  PageBase: pages.PageBase :111 - Executing waitForPageToLoad command
2021-12-06 07:40:01 INFO  PageBase: pages.PageBase :112 - Waiting for the page to load completely
2021-12-06 07:40:01 INFO  PageBase: pages.PageBase :118 - Page is loaded completely
2021-12-06 07:40:01 INFO  PageBase: pages.PageBase :92 - Executing CLICK command on the element: [[ChromeDriver: chrome on WINDOWS (5348e57da1fff66ab6a2ab1988bac04b)] -> xpath: //div[@class='inventory_list']//div[4]//div[@class='inventory_item_description']//div[@class='pricebar']//button]
2021-12-06 07:40:01 INFO  PageBase: pages.PageBase :73 - Executing isElementPresent command on the element: [[ChromeDriver: chrome on WINDOWS (5348e57da1fff66ab6a2ab1988bac04b)] -> xpath: //div[@class='inventory_list']//div[4]//div[@class='inventory_item_description']//div[@class='pricebar']//button]
2021-12-06 07:40:01 INFO  PageBase: pages.PageBase :55 - Executing waitForElementTobeClickable command for the element: [[ChromeDriver: chrome on WINDOWS (5348e57da1fff66ab6a2ab1988bac04b)] -> xpath: //div[@class='inventory_list']//div[4]//div[@class='inventory_item_description']//div[@class='pricebar']//button]
2021-12-06 07:40:01 INFO  PageBase: pages.PageBase :58 - Waiting for the element:[[ChromeDriver: chrome on WINDOWS (5348e57da1fff66ab6a2ab1988bac04b)] -> xpath: //div[@class='inventory_list']//div[4]//div[@class='inventory_item_description']//div[@class='pricebar']//button] to be clickable
2021-12-06 07:40:01 INFO  PageBase: pages.PageBase :92 - Executing CLICK command on the element: [[ChromeDriver: chrome on WINDOWS (5348e57da1fff66ab6a2ab1988bac04b)] -> xpath: //a[@class='shopping_cart_link']]
2021-12-06 07:40:01 INFO  PageBase: pages.PageBase :73 - Executing isElementPresent command on the element: [[ChromeDriver: chrome on WINDOWS (5348e57da1fff66ab6a2ab1988bac04b)] -> xpath: //a[@class='shopping_cart_link']]
2021-12-06 07:40:01 INFO  PageBase: pages.PageBase :55 - Executing waitForElementTobeClickable command for the element: [[ChromeDriver: chrome on WINDOWS (5348e57da1fff66ab6a2ab1988bac04b)] -> xpath: //a[@class='shopping_cart_link']]
2021-12-06 07:40:01 INFO  PageBase: pages.PageBase :58 - Waiting for the element:[[ChromeDriver: chrome on WINDOWS (5348e57da1fff66ab6a2ab1988bac04b)] -> xpath: //a[@class='shopping_cart_link']] to be clickable
2021-12-06 07:40:02 INFO  PageBase: pages.PageBase :111 - Executing waitForPageToLoad command
2021-12-06 07:40:02 INFO  PageBase: pages.PageBase :112 - Waiting for the page to load completely
2021-12-06 07:40:02 INFO  PageBase: pages.PageBase :118 - Page is loaded completely
2021-12-06 07:40:02 INFO  PageBase: pages.PageBase :92 - Executing CLICK command on the element: [[ChromeDriver: chrome on WINDOWS (5348e57da1fff66ab6a2ab1988bac04b)] -> xpath: //div[@class='cart_list']//div[3]//div[@class='cart_item_label']//div[@class='item_pricebar']//button]
2021-12-06 07:40:02 INFO  PageBase: pages.PageBase :73 - Executing isElementPresent command on the element: [[ChromeDriver: chrome on WINDOWS (5348e57da1fff66ab6a2ab1988bac04b)] -> xpath: //div[@class='cart_list']//div[3]//div[@class='cart_item_label']//div[@class='item_pricebar']//button]
2021-12-06 07:40:02 INFO  PageBase: pages.PageBase :55 - Executing waitForElementTobeClickable command for the element: [[ChromeDriver: chrome on WINDOWS (5348e57da1fff66ab6a2ab1988bac04b)] -> xpath: //div[@class='cart_list']//div[3]//div[@class='cart_item_label']//div[@class='item_pricebar']//button]
2021-12-06 07:40:02 INFO  PageBase: pages.PageBase :58 - Waiting for the element:[[ChromeDriver: chrome on WINDOWS (5348e57da1fff66ab6a2ab1988bac04b)] -> xpath: //div[@class='cart_list']//div[3]//div[@class='cart_item_label']//div[@class='item_pricebar']//button] to be clickable
2021-12-06 07:40:03 INFO  PageBase: pages.PageBase :111 - Executing waitForPageToLoad command
2021-12-06 07:40:03 INFO  PageBase: pages.PageBase :112 - Waiting for the page to load completely
2021-12-06 07:40:03 INFO  PageBase: pages.PageBase :118 - Page is loaded completely
]]></system-out>
    <system-err><![CDATA[Dez 06, 2021 7:39:58 AM com.relevantcodes.extentreports.ExtentReports loadConfig
WARNUNG: Unable to perform report configuration. The file C:\Users\a.khawaja\IdeaProjects\Capmo\ReportsConfig.xml was not found.
Starting ChromeDriver 96.0.4664.45 (76e4c1bb2ab4671b8beba3444e61c0f17584b2fc-refs/branch-heads/4664@{#947}) on port 32556
Only local connections are allowed.
Please see https://chromedriver.chromium.org/security-considerations for suggestions on keeping ChromeDriver safe.
ChromeDriver was started successfully.
Dez 06, 2021 7:39:59 AM org.openqa.selenium.remote.ProtocolHandshake createSession
INFORMATION: Detected dialect: W3C
]]></system-err>
  </testcase>
  <testcase name="verifyCheckOutOrder[{Description=Happy path, ProductDescription=Get your testing superhero on with the Sauce Labs bolt T-shirt. From American Apparel, 100% ringspun combed cotton, heather gray with red bolt., Username=standard_user, ProductName=Sauce Labs Bolt T-Shirt, ProductPrice=$15.99, ProductPrice2=$49.99, SecondProductDescription=It&apos;s not every day that you come across a midweight quarter-zip fleece jacket capable of handling everything from a relaxing day outdoors to a busy day at the office., Password=secret_sauce, LastName=Test2, SecondProductName=Sauce Labs Fleece Jacket, ZipCode=4109.0, SecondProductPrice=49.99, FirstName=Test1, FirstProductPrice=15.99}](1)" classname="tests.CheckOutPageTests" time="5.919">
    <system-out><![CDATA[LoginTest
Test starts from row - 11
Total rows are  - 1
Total cols are  - 14
2021-12-06 07:40:03 INFO  : BasePage.TestBase :142 - Running on Windows Operating System with chrome browser
2021-12-06 07:40:05 INFO  PageBase: pages.PageBase :55 - Executing waitForElementTobeClickable command for the element: [[ChromeDriver: chrome on WINDOWS (75dc3da5c0c4f83400c143934089782f)] -> xpath: //input[@id='user-name']]
2021-12-06 07:40:05 INFO  PageBase: pages.PageBase :58 - Waiting for the element:[[ChromeDriver: chrome on WINDOWS (75dc3da5c0c4f83400c143934089782f)] -> xpath: //input[@id='user-name']] to be clickable
2021-12-06 07:40:05 INFO  PageBase: pages.PageBase :73 - Executing isElementPresent command on the element: [[ChromeDriver: chrome on WINDOWS (75dc3da5c0c4f83400c143934089782f)] -> xpath: //input[@id='user-name']]
2021-12-06 07:40:05 INFO  PageBase: pages.PageBase :42 - Executing INPUT text command for the element:[[ChromeDriver: chrome on WINDOWS (75dc3da5c0c4f83400c143934089782f)] -> xpath: //input[@id='user-name']] with value: standard_user
2021-12-06 07:40:05 INFO  PageBase: pages.PageBase :55 - Executing waitForElementTobeClickable command for the element: [[ChromeDriver: chrome on WINDOWS (75dc3da5c0c4f83400c143934089782f)] -> xpath: //input[@id='user-name']]
2021-12-06 07:40:05 INFO  PageBase: pages.PageBase :58 - Waiting for the element:[[ChromeDriver: chrome on WINDOWS (75dc3da5c0c4f83400c143934089782f)] -> xpath: //input[@id='user-name']] to be clickable
2021-12-06 07:40:05 INFO  PageBase: pages.PageBase :55 - Executing waitForElementTobeClickable command for the element: [[ChromeDriver: chrome on WINDOWS (75dc3da5c0c4f83400c143934089782f)] -> xpath: //input[@id='password']]
2021-12-06 07:40:05 INFO  PageBase: pages.PageBase :58 - Waiting for the element:[[ChromeDriver: chrome on WINDOWS (75dc3da5c0c4f83400c143934089782f)] -> xpath: //input[@id='password']] to be clickable
2021-12-06 07:40:05 INFO  PageBase: pages.PageBase :73 - Executing isElementPresent command on the element: [[ChromeDriver: chrome on WINDOWS (75dc3da5c0c4f83400c143934089782f)] -> xpath: //input[@id='password']]
2021-12-06 07:40:05 INFO  PageBase: pages.PageBase :42 - Executing INPUT text command for the element:[[ChromeDriver: chrome on WINDOWS (75dc3da5c0c4f83400c143934089782f)] -> xpath: //input[@id='password']] with value: secret_sauce
2021-12-06 07:40:05 INFO  PageBase: pages.PageBase :55 - Executing waitForElementTobeClickable command for the element: [[ChromeDriver: chrome on WINDOWS (75dc3da5c0c4f83400c143934089782f)] -> xpath: //input[@id='password']]
2021-12-06 07:40:06 INFO  PageBase: pages.PageBase :58 - Waiting for the element:[[ChromeDriver: chrome on WINDOWS (75dc3da5c0c4f83400c143934089782f)] -> xpath: //input[@id='password']] to be clickable
2021-12-06 07:40:06 INFO  PageBase: pages.PageBase :55 - Executing waitForElementTobeClickable command for the element: [[ChromeDriver: chrome on WINDOWS (75dc3da5c0c4f83400c143934089782f)] -> xpath: //input[@id='login-button']]
2021-12-06 07:40:06 INFO  PageBase: pages.PageBase :58 - Waiting for the element:[[ChromeDriver: chrome on WINDOWS (75dc3da5c0c4f83400c143934089782f)] -> xpath: //input[@id='login-button']] to be clickable
2021-12-06 07:40:06 INFO  PageBase: pages.PageBase :92 - Executing CLICK command on the element: [[ChromeDriver: chrome on WINDOWS (75dc3da5c0c4f83400c143934089782f)] -> xpath: //input[@id='login-button']]
2021-12-06 07:40:06 INFO  PageBase: pages.PageBase :73 - Executing isElementPresent command on the element: [[ChromeDriver: chrome on WINDOWS (75dc3da5c0c4f83400c143934089782f)] -> xpath: //input[@id='login-button']]
2021-12-06 07:40:06 INFO  PageBase: pages.PageBase :55 - Executing waitForElementTobeClickable command for the element: [[ChromeDriver: chrome on WINDOWS (75dc3da5c0c4f83400c143934089782f)] -> xpath: //input[@id='login-button']]
2021-12-06 07:40:06 INFO  PageBase: pages.PageBase :58 - Waiting for the element:[[ChromeDriver: chrome on WINDOWS (75dc3da5c0c4f83400c143934089782f)] -> xpath: //input[@id='login-button']] to be clickable
2021-12-06 07:40:06 INFO  PageBase: pages.PageBase :111 - Executing waitForPageToLoad command
2021-12-06 07:40:06 INFO  PageBase: pages.PageBase :112 - Waiting for the page to load completely
2021-12-06 07:40:06 INFO  PageBase: pages.PageBase :118 - Page is loaded completely
2021-12-06 07:40:06 INFO  PageBase: pages.PageBase :92 - Executing CLICK command on the element: [[ChromeDriver: chrome on WINDOWS (75dc3da5c0c4f83400c143934089782f)] -> xpath: //div[@class='inventory_list']//div[3]//div[@class='inventory_item_description']//div[@class='pricebar']//button]
2021-12-06 07:40:06 INFO  PageBase: pages.PageBase :73 - Executing isElementPresent command on the element: [[ChromeDriver: chrome on WINDOWS (75dc3da5c0c4f83400c143934089782f)] -> xpath: //div[@class='inventory_list']//div[3]//div[@class='inventory_item_description']//div[@class='pricebar']//button]
2021-12-06 07:40:06 INFO  PageBase: pages.PageBase :55 - Executing waitForElementTobeClickable command for the element: [[ChromeDriver: chrome on WINDOWS (75dc3da5c0c4f83400c143934089782f)] -> xpath: //div[@class='inventory_list']//div[3]//div[@class='inventory_item_description']//div[@class='pricebar']//button]
2021-12-06 07:40:06 INFO  PageBase: pages.PageBase :58 - Waiting for the element:[[ChromeDriver: chrome on WINDOWS (75dc3da5c0c4f83400c143934089782f)] -> xpath: //div[@class='inventory_list']//div[3]//div[@class='inventory_item_description']//div[@class='pricebar']//button] to be clickable
2021-12-06 07:40:06 INFO  PageBase: pages.PageBase :111 - Executing waitForPageToLoad command
2021-12-06 07:40:06 INFO  PageBase: pages.PageBase :112 - Waiting for the page to load completely
2021-12-06 07:40:06 INFO  PageBase: pages.PageBase :118 - Page is loaded completely
2021-12-06 07:40:07 INFO  PageBase: pages.PageBase :92 - Executing CLICK command on the element: [[ChromeDriver: chrome on WINDOWS (75dc3da5c0c4f83400c143934089782f)] -> xpath: //div[@class='inventory_list']//div[4]//div[@class='inventory_item_description']//div[@class='pricebar']//button]
2021-12-06 07:40:07 INFO  PageBase: pages.PageBase :73 - Executing isElementPresent command on the element: [[ChromeDriver: chrome on WINDOWS (75dc3da5c0c4f83400c143934089782f)] -> xpath: //div[@class='inventory_list']//div[4]//div[@class='inventory_item_description']//div[@class='pricebar']//button]
2021-12-06 07:40:07 INFO  PageBase: pages.PageBase :55 - Executing waitForElementTobeClickable command for the element: [[ChromeDriver: chrome on WINDOWS (75dc3da5c0c4f83400c143934089782f)] -> xpath: //div[@class='inventory_list']//div[4]//div[@class='inventory_item_description']//div[@class='pricebar']//button]
2021-12-06 07:40:07 INFO  PageBase: pages.PageBase :58 - Waiting for the element:[[ChromeDriver: chrome on WINDOWS (75dc3da5c0c4f83400c143934089782f)] -> xpath: //div[@class='inventory_list']//div[4]//div[@class='inventory_item_description']//div[@class='pricebar']//button] to be clickable
2021-12-06 07:40:07 INFO  PageBase: pages.PageBase :92 - Executing CLICK command on the element: [[ChromeDriver: chrome on WINDOWS (75dc3da5c0c4f83400c143934089782f)] -> xpath: //a[@class='shopping_cart_link']]
2021-12-06 07:40:07 INFO  PageBase: pages.PageBase :73 - Executing isElementPresent command on the element: [[ChromeDriver: chrome on WINDOWS (75dc3da5c0c4f83400c143934089782f)] -> xpath: //a[@class='shopping_cart_link']]
2021-12-06 07:40:07 INFO  PageBase: pages.PageBase :55 - Executing waitForElementTobeClickable command for the element: [[ChromeDriver: chrome on WINDOWS (75dc3da5c0c4f83400c143934089782f)] -> xpath: //a[@class='shopping_cart_link']]
2021-12-06 07:40:07 INFO  PageBase: pages.PageBase :58 - Waiting for the element:[[ChromeDriver: chrome on WINDOWS (75dc3da5c0c4f83400c143934089782f)] -> xpath: //a[@class='shopping_cart_link']] to be clickable
2021-12-06 07:40:07 INFO  PageBase: pages.PageBase :92 - Executing CLICK command on the element: [[ChromeDriver: chrome on WINDOWS (75dc3da5c0c4f83400c143934089782f)] -> xpath: //button[@id='checkout']]
2021-12-06 07:40:07 INFO  PageBase: pages.PageBase :73 - Executing isElementPresent command on the element: [[ChromeDriver: chrome on WINDOWS (75dc3da5c0c4f83400c143934089782f)] -> xpath: //button[@id='checkout']]
2021-12-06 07:40:07 INFO  PageBase: pages.PageBase :55 - Executing waitForElementTobeClickable command for the element: [[ChromeDriver: chrome on WINDOWS (75dc3da5c0c4f83400c143934089782f)] -> xpath: //button[@id='checkout']]
2021-12-06 07:40:07 INFO  PageBase: pages.PageBase :58 - Waiting for the element:[[ChromeDriver: chrome on WINDOWS (75dc3da5c0c4f83400c143934089782f)] -> xpath: //button[@id='checkout']] to be clickable
2021-12-06 07:40:07 INFO  PageBase: pages.PageBase :55 - Executing waitForElementTobeClickable command for the element: [[ChromeDriver: chrome on WINDOWS (75dc3da5c0c4f83400c143934089782f)] -> xpath: //input[@id='first-name']]
2021-12-06 07:40:07 INFO  PageBase: pages.PageBase :58 - Waiting for the element:[[ChromeDriver: chrome on WINDOWS (75dc3da5c0c4f83400c143934089782f)] -> xpath: //input[@id='first-name']] to be clickable
2021-12-06 07:40:07 INFO  PageBase: pages.PageBase :73 - Executing isElementPresent command on the element: [[ChromeDriver: chrome on WINDOWS (75dc3da5c0c4f83400c143934089782f)] -> xpath: //input[@id='first-name']]
2021-12-06 07:40:07 INFO  PageBase: pages.PageBase :42 - Executing INPUT text command for the element:[[ChromeDriver: chrome on WINDOWS (75dc3da5c0c4f83400c143934089782f)] -> xpath: //input[@id='first-name']] with value: Test1
2021-12-06 07:40:07 INFO  PageBase: pages.PageBase :55 - Executing waitForElementTobeClickable command for the element: [[ChromeDriver: chrome on WINDOWS (75dc3da5c0c4f83400c143934089782f)] -> xpath: //input[@id='first-name']]
2021-12-06 07:40:07 INFO  PageBase: pages.PageBase :58 - Waiting for the element:[[ChromeDriver: chrome on WINDOWS (75dc3da5c0c4f83400c143934089782f)] -> xpath: //input[@id='first-name']] to be clickable
2021-12-06 07:40:08 INFO  PageBase: pages.PageBase :55 - Executing waitForElementTobeClickable command for the element: [[ChromeDriver: chrome on WINDOWS (75dc3da5c0c4f83400c143934089782f)] -> xpath: //input[@id='last-name']]
2021-12-06 07:40:08 INFO  PageBase: pages.PageBase :58 - Waiting for the element:[[ChromeDriver: chrome on WINDOWS (75dc3da5c0c4f83400c143934089782f)] -> xpath: //input[@id='last-name']] to be clickable
2021-12-06 07:40:08 INFO  PageBase: pages.PageBase :73 - Executing isElementPresent command on the element: [[ChromeDriver: chrome on WINDOWS (75dc3da5c0c4f83400c143934089782f)] -> xpath: //input[@id='last-name']]
2021-12-06 07:40:08 INFO  PageBase: pages.PageBase :42 - Executing INPUT text command for the element:[[ChromeDriver: chrome on WINDOWS (75dc3da5c0c4f83400c143934089782f)] -> xpath: //input[@id='last-name']] with value: Test2
2021-12-06 07:40:08 INFO  PageBase: pages.PageBase :55 - Executing waitForElementTobeClickable command for the element: [[ChromeDriver: chrome on WINDOWS (75dc3da5c0c4f83400c143934089782f)] -> xpath: //input[@id='last-name']]
2021-12-06 07:40:08 INFO  PageBase: pages.PageBase :58 - Waiting for the element:[[ChromeDriver: chrome on WINDOWS (75dc3da5c0c4f83400c143934089782f)] -> xpath: //input[@id='last-name']] to be clickable
2021-12-06 07:40:08 INFO  PageBase: pages.PageBase :55 - Executing waitForElementTobeClickable command for the element: [[ChromeDriver: chrome on WINDOWS (75dc3da5c0c4f83400c143934089782f)] -> xpath: //input[@id='postal-code']]
2021-12-06 07:40:08 INFO  PageBase: pages.PageBase :58 - Waiting for the element:[[ChromeDriver: chrome on WINDOWS (75dc3da5c0c4f83400c143934089782f)] -> xpath: //input[@id='postal-code']] to be clickable
2021-12-06 07:40:08 INFO  PageBase: pages.PageBase :73 - Executing isElementPresent command on the element: [[ChromeDriver: chrome on WINDOWS (75dc3da5c0c4f83400c143934089782f)] -> xpath: //input[@id='postal-code']]
2021-12-06 07:40:08 INFO  PageBase: pages.PageBase :42 - Executing INPUT text command for the element:[[ChromeDriver: chrome on WINDOWS (75dc3da5c0c4f83400c143934089782f)] -> xpath: //input[@id='postal-code']] with value: 4109.0
2021-12-06 07:40:08 INFO  PageBase: pages.PageBase :55 - Executing waitForElementTobeClickable command for the element: [[ChromeDriver: chrome on WINDOWS (75dc3da5c0c4f83400c143934089782f)] -> xpath: //input[@id='postal-code']]
2021-12-06 07:40:08 INFO  PageBase: pages.PageBase :58 - Waiting for the element:[[ChromeDriver: chrome on WINDOWS (75dc3da5c0c4f83400c143934089782f)] -> xpath: //input[@id='postal-code']] to be clickable
2021-12-06 07:40:08 INFO  PageBase: pages.PageBase :92 - Executing CLICK command on the element: [[ChromeDriver: chrome on WINDOWS (75dc3da5c0c4f83400c143934089782f)] -> xpath: //input[@id='continue']]
2021-12-06 07:40:08 INFO  PageBase: pages.PageBase :73 - Executing isElementPresent command on the element: [[ChromeDriver: chrome on WINDOWS (75dc3da5c0c4f83400c143934089782f)] -> xpath: //input[@id='continue']]
2021-12-06 07:40:08 INFO  PageBase: pages.PageBase :55 - Executing waitForElementTobeClickable command for the element: [[ChromeDriver: chrome on WINDOWS (75dc3da5c0c4f83400c143934089782f)] -> xpath: //input[@id='continue']]
2021-12-06 07:40:08 INFO  PageBase: pages.PageBase :58 - Waiting for the element:[[ChromeDriver: chrome on WINDOWS (75dc3da5c0c4f83400c143934089782f)] -> xpath: //input[@id='continue']] to be clickable
2021-12-06 07:40:09 INFO  PageBase: pages.PageBase :111 - Executing waitForPageToLoad command
2021-12-06 07:40:09 INFO  PageBase: pages.PageBase :112 - Waiting for the page to load completely
2021-12-06 07:40:09 INFO  PageBase: pages.PageBase :118 - Page is loaded completely
2021-12-06 07:40:09 INFO  PageBase: pages.PageBase :111 - Executing waitForPageToLoad command
2021-12-06 07:40:09 INFO  PageBase: pages.PageBase :112 - Waiting for the page to load completely
2021-12-06 07:40:09 INFO  PageBase: pages.PageBase :118 - Page is loaded completely
2021-12-06 07:40:09 INFO  PageBase: pages.PageBase :92 - Executing CLICK command on the element: [[ChromeDriver: chrome on WINDOWS (75dc3da5c0c4f83400c143934089782f)] -> xpath: //button[@id='finish']]
2021-12-06 07:40:09 INFO  PageBase: pages.PageBase :73 - Executing isElementPresent command on the element: [[ChromeDriver: chrome on WINDOWS (75dc3da5c0c4f83400c143934089782f)] -> xpath: //button[@id='finish']]
2021-12-06 07:40:09 INFO  PageBase: pages.PageBase :55 - Executing waitForElementTobeClickable command for the element: [[ChromeDriver: chrome on WINDOWS (75dc3da5c0c4f83400c143934089782f)] -> xpath: //button[@id='finish']]
2021-12-06 07:40:09 INFO  PageBase: pages.PageBase :58 - Waiting for the element:[[ChromeDriver: chrome on WINDOWS (75dc3da5c0c4f83400c143934089782f)] -> xpath: //button[@id='finish']] to be clickable
]]></system-out>
    <system-err><![CDATA[Dez 06, 2021 7:40:03 AM com.relevantcodes.extentreports.ExtentReports loadConfig
WARNUNG: Unable to perform report configuration. The file C:\Users\a.khawaja\IdeaProjects\Capmo\ReportsConfig.xml was not found.
Starting ChromeDriver 96.0.4664.45 (76e4c1bb2ab4671b8beba3444e61c0f17584b2fc-refs/branch-heads/4664@{#947}) on port 2299
Only local connections are allowed.
Please see https://chromedriver.chromium.org/security-considerations for suggestions on keeping ChromeDriver safe.
ChromeDriver was started successfully.
Dez 06, 2021 7:40:04 AM org.openqa.selenium.remote.ProtocolHandshake createSession
INFORMATION: Detected dialect: W3C
]]></system-err>
  </testcase>
  <testcase name="verifyOderCancelOnCheckOutPage[{Description=Happy path, ProductDescription=Get your testing superhero on with the Sauce Labs bolt T-shirt. From American Apparel, 100% ringspun combed cotton, heather gray with red bolt., Username=standard_user, ProductName=Sauce Labs Bolt T-Shirt, ProductPrice=$15.99, ProductPrice2=$49.99, SecondProductDescription=It&apos;s not every day that you come across a midweight quarter-zip fleece jacket capable of handling everything from a relaxing day outdoors to a busy day at the office., Password=secret_sauce, LastName=Test2, SecondProductName=Sauce Labs Fleece Jacket, ZipCode=4109.0, SecondProductPrice=49.99, FirstName=Test1, FirstProductPrice=15.99}](1)" classname="tests.CheckOutPageTests" time="5.526">
    <system-out><![CDATA[LoginTest
Test starts from row - 11
Total rows are  - 1
Total cols are  - 14
2021-12-06 07:40:09 INFO  : BasePage.TestBase :142 - Running on Windows Operating System with chrome browser
2021-12-06 07:40:11 INFO  PageBase: pages.PageBase :55 - Executing waitForElementTobeClickable command for the element: [[ChromeDriver: chrome on WINDOWS (c2564bdd19d21473e7b500a51add5878)] -> xpath: //input[@id='user-name']]
2021-12-06 07:40:11 INFO  PageBase: pages.PageBase :58 - Waiting for the element:[[ChromeDriver: chrome on WINDOWS (c2564bdd19d21473e7b500a51add5878)] -> xpath: //input[@id='user-name']] to be clickable
2021-12-06 07:40:11 INFO  PageBase: pages.PageBase :73 - Executing isElementPresent command on the element: [[ChromeDriver: chrome on WINDOWS (c2564bdd19d21473e7b500a51add5878)] -> xpath: //input[@id='user-name']]
2021-12-06 07:40:11 INFO  PageBase: pages.PageBase :42 - Executing INPUT text command for the element:[[ChromeDriver: chrome on WINDOWS (c2564bdd19d21473e7b500a51add5878)] -> xpath: //input[@id='user-name']] with value: standard_user
2021-12-06 07:40:11 INFO  PageBase: pages.PageBase :55 - Executing waitForElementTobeClickable command for the element: [[ChromeDriver: chrome on WINDOWS (c2564bdd19d21473e7b500a51add5878)] -> xpath: //input[@id='user-name']]
2021-12-06 07:40:11 INFO  PageBase: pages.PageBase :58 - Waiting for the element:[[ChromeDriver: chrome on WINDOWS (c2564bdd19d21473e7b500a51add5878)] -> xpath: //input[@id='user-name']] to be clickable
2021-12-06 07:40:11 INFO  PageBase: pages.PageBase :55 - Executing waitForElementTobeClickable command for the element: [[ChromeDriver: chrome on WINDOWS (c2564bdd19d21473e7b500a51add5878)] -> xpath: //input[@id='password']]
2021-12-06 07:40:11 INFO  PageBase: pages.PageBase :58 - Waiting for the element:[[ChromeDriver: chrome on WINDOWS (c2564bdd19d21473e7b500a51add5878)] -> xpath: //input[@id='password']] to be clickable
2021-12-06 07:40:11 INFO  PageBase: pages.PageBase :73 - Executing isElementPresent command on the element: [[ChromeDriver: chrome on WINDOWS (c2564bdd19d21473e7b500a51add5878)] -> xpath: //input[@id='password']]
2021-12-06 07:40:11 INFO  PageBase: pages.PageBase :42 - Executing INPUT text command for the element:[[ChromeDriver: chrome on WINDOWS (c2564bdd19d21473e7b500a51add5878)] -> xpath: //input[@id='password']] with value: secret_sauce
2021-12-06 07:40:11 INFO  PageBase: pages.PageBase :55 - Executing waitForElementTobeClickable command for the element: [[ChromeDriver: chrome on WINDOWS (c2564bdd19d21473e7b500a51add5878)] -> xpath: //input[@id='password']]
2021-12-06 07:40:11 INFO  PageBase: pages.PageBase :58 - Waiting for the element:[[ChromeDriver: chrome on WINDOWS (c2564bdd19d21473e7b500a51add5878)] -> xpath: //input[@id='password']] to be clickable
2021-12-06 07:40:12 INFO  PageBase: pages.PageBase :55 - Executing waitForElementTobeClickable command for the element: [[ChromeDriver: chrome on WINDOWS (c2564bdd19d21473e7b500a51add5878)] -> xpath: //input[@id='login-button']]
2021-12-06 07:40:12 INFO  PageBase: pages.PageBase :58 - Waiting for the element:[[ChromeDriver: chrome on WINDOWS (c2564bdd19d21473e7b500a51add5878)] -> xpath: //input[@id='login-button']] to be clickable
2021-12-06 07:40:12 INFO  PageBase: pages.PageBase :92 - Executing CLICK command on the element: [[ChromeDriver: chrome on WINDOWS (c2564bdd19d21473e7b500a51add5878)] -> xpath: //input[@id='login-button']]
2021-12-06 07:40:12 INFO  PageBase: pages.PageBase :73 - Executing isElementPresent command on the element: [[ChromeDriver: chrome on WINDOWS (c2564bdd19d21473e7b500a51add5878)] -> xpath: //input[@id='login-button']]
2021-12-06 07:40:12 INFO  PageBase: pages.PageBase :55 - Executing waitForElementTobeClickable command for the element: [[ChromeDriver: chrome on WINDOWS (c2564bdd19d21473e7b500a51add5878)] -> xpath: //input[@id='login-button']]
2021-12-06 07:40:12 INFO  PageBase: pages.PageBase :58 - Waiting for the element:[[ChromeDriver: chrome on WINDOWS (c2564bdd19d21473e7b500a51add5878)] -> xpath: //input[@id='login-button']] to be clickable
2021-12-06 07:40:12 INFO  PageBase: pages.PageBase :111 - Executing waitForPageToLoad command
2021-12-06 07:40:12 INFO  PageBase: pages.PageBase :112 - Waiting for the page to load completely
2021-12-06 07:40:12 INFO  PageBase: pages.PageBase :118 - Page is loaded completely
2021-12-06 07:40:12 INFO  PageBase: pages.PageBase :92 - Executing CLICK command on the element: [[ChromeDriver: chrome on WINDOWS (c2564bdd19d21473e7b500a51add5878)] -> xpath: //div[@class='inventory_list']//div[3]//div[@class='inventory_item_description']//div[@class='pricebar']//button]
2021-12-06 07:40:12 INFO  PageBase: pages.PageBase :73 - Executing isElementPresent command on the element: [[ChromeDriver: chrome on WINDOWS (c2564bdd19d21473e7b500a51add5878)] -> xpath: //div[@class='inventory_list']//div[3]//div[@class='inventory_item_description']//div[@class='pricebar']//button]
2021-12-06 07:40:12 INFO  PageBase: pages.PageBase :55 - Executing waitForElementTobeClickable command for the element: [[ChromeDriver: chrome on WINDOWS (c2564bdd19d21473e7b500a51add5878)] -> xpath: //div[@class='inventory_list']//div[3]//div[@class='inventory_item_description']//div[@class='pricebar']//button]
2021-12-06 07:40:12 INFO  PageBase: pages.PageBase :58 - Waiting for the element:[[ChromeDriver: chrome on WINDOWS (c2564bdd19d21473e7b500a51add5878)] -> xpath: //div[@class='inventory_list']//div[3]//div[@class='inventory_item_description']//div[@class='pricebar']//button] to be clickable
2021-12-06 07:40:12 INFO  PageBase: pages.PageBase :111 - Executing waitForPageToLoad command
2021-12-06 07:40:12 INFO  PageBase: pages.PageBase :112 - Waiting for the page to load completely
2021-12-06 07:40:12 INFO  PageBase: pages.PageBase :118 - Page is loaded completely
2021-12-06 07:40:12 INFO  PageBase: pages.PageBase :92 - Executing CLICK command on the element: [[ChromeDriver: chrome on WINDOWS (c2564bdd19d21473e7b500a51add5878)] -> xpath: //div[@class='inventory_list']//div[4]//div[@class='inventory_item_description']//div[@class='pricebar']//button]
2021-12-06 07:40:12 INFO  PageBase: pages.PageBase :73 - Executing isElementPresent command on the element: [[ChromeDriver: chrome on WINDOWS (c2564bdd19d21473e7b500a51add5878)] -> xpath: //div[@class='inventory_list']//div[4]//div[@class='inventory_item_description']//div[@class='pricebar']//button]
2021-12-06 07:40:12 INFO  PageBase: pages.PageBase :55 - Executing waitForElementTobeClickable command for the element: [[ChromeDriver: chrome on WINDOWS (c2564bdd19d21473e7b500a51add5878)] -> xpath: //div[@class='inventory_list']//div[4]//div[@class='inventory_item_description']//div[@class='pricebar']//button]
2021-12-06 07:40:12 INFO  PageBase: pages.PageBase :58 - Waiting for the element:[[ChromeDriver: chrome on WINDOWS (c2564bdd19d21473e7b500a51add5878)] -> xpath: //div[@class='inventory_list']//div[4]//div[@class='inventory_item_description']//div[@class='pricebar']//button] to be clickable
2021-12-06 07:40:13 INFO  PageBase: pages.PageBase :92 - Executing CLICK command on the element: [[ChromeDriver: chrome on WINDOWS (c2564bdd19d21473e7b500a51add5878)] -> xpath: //a[@class='shopping_cart_link']]
2021-12-06 07:40:13 INFO  PageBase: pages.PageBase :73 - Executing isElementPresent command on the element: [[ChromeDriver: chrome on WINDOWS (c2564bdd19d21473e7b500a51add5878)] -> xpath: //a[@class='shopping_cart_link']]
2021-12-06 07:40:13 INFO  PageBase: pages.PageBase :55 - Executing waitForElementTobeClickable command for the element: [[ChromeDriver: chrome on WINDOWS (c2564bdd19d21473e7b500a51add5878)] -> xpath: //a[@class='shopping_cart_link']]
2021-12-06 07:40:13 INFO  PageBase: pages.PageBase :58 - Waiting for the element:[[ChromeDriver: chrome on WINDOWS (c2564bdd19d21473e7b500a51add5878)] -> xpath: //a[@class='shopping_cart_link']] to be clickable
2021-12-06 07:40:13 INFO  PageBase: pages.PageBase :92 - Executing CLICK command on the element: [[ChromeDriver: chrome on WINDOWS (c2564bdd19d21473e7b500a51add5878)] -> xpath: //button[@id='checkout']]
2021-12-06 07:40:13 INFO  PageBase: pages.PageBase :73 - Executing isElementPresent command on the element: [[ChromeDriver: chrome on WINDOWS (c2564bdd19d21473e7b500a51add5878)] -> xpath: //button[@id='checkout']]
2021-12-06 07:40:13 INFO  PageBase: pages.PageBase :55 - Executing waitForElementTobeClickable command for the element: [[ChromeDriver: chrome on WINDOWS (c2564bdd19d21473e7b500a51add5878)] -> xpath: //button[@id='checkout']]
2021-12-06 07:40:13 INFO  PageBase: pages.PageBase :58 - Waiting for the element:[[ChromeDriver: chrome on WINDOWS (c2564bdd19d21473e7b500a51add5878)] -> xpath: //button[@id='checkout']] to be clickable
2021-12-06 07:40:13 INFO  PageBase: pages.PageBase :55 - Executing waitForElementTobeClickable command for the element: [[ChromeDriver: chrome on WINDOWS (c2564bdd19d21473e7b500a51add5878)] -> xpath: //input[@id='first-name']]
2021-12-06 07:40:13 INFO  PageBase: pages.PageBase :58 - Waiting for the element:[[ChromeDriver: chrome on WINDOWS (c2564bdd19d21473e7b500a51add5878)] -> xpath: //input[@id='first-name']] to be clickable
2021-12-06 07:40:13 INFO  PageBase: pages.PageBase :73 - Executing isElementPresent command on the element: [[ChromeDriver: chrome on WINDOWS (c2564bdd19d21473e7b500a51add5878)] -> xpath: //input[@id='first-name']]
2021-12-06 07:40:13 INFO  PageBase: pages.PageBase :42 - Executing INPUT text command for the element:[[ChromeDriver: chrome on WINDOWS (c2564bdd19d21473e7b500a51add5878)] -> xpath: //input[@id='first-name']] with value: Test1
2021-12-06 07:40:13 INFO  PageBase: pages.PageBase :55 - Executing waitForElementTobeClickable command for the element: [[ChromeDriver: chrome on WINDOWS (c2564bdd19d21473e7b500a51add5878)] -> xpath: //input[@id='first-name']]
2021-12-06 07:40:13 INFO  PageBase: pages.PageBase :58 - Waiting for the element:[[ChromeDriver: chrome on WINDOWS (c2564bdd19d21473e7b500a51add5878)] -> xpath: //input[@id='first-name']] to be clickable
2021-12-06 07:40:13 INFO  PageBase: pages.PageBase :55 - Executing waitForElementTobeClickable command for the element: [[ChromeDriver: chrome on WINDOWS (c2564bdd19d21473e7b500a51add5878)] -> xpath: //input[@id='last-name']]
2021-12-06 07:40:14 INFO  PageBase: pages.PageBase :58 - Waiting for the element:[[ChromeDriver: chrome on WINDOWS (c2564bdd19d21473e7b500a51add5878)] -> xpath: //input[@id='last-name']] to be clickable
2021-12-06 07:40:14 INFO  PageBase: pages.PageBase :73 - Executing isElementPresent command on the element: [[ChromeDriver: chrome on WINDOWS (c2564bdd19d21473e7b500a51add5878)] -> xpath: //input[@id='last-name']]
2021-12-06 07:40:14 INFO  PageBase: pages.PageBase :42 - Executing INPUT text command for the element:[[ChromeDriver: chrome on WINDOWS (c2564bdd19d21473e7b500a51add5878)] -> xpath: //input[@id='last-name']] with value: Test2
2021-12-06 07:40:14 INFO  PageBase: pages.PageBase :55 - Executing waitForElementTobeClickable command for the element: [[ChromeDriver: chrome on WINDOWS (c2564bdd19d21473e7b500a51add5878)] -> xpath: //input[@id='last-name']]
2021-12-06 07:40:14 INFO  PageBase: pages.PageBase :58 - Waiting for the element:[[ChromeDriver: chrome on WINDOWS (c2564bdd19d21473e7b500a51add5878)] -> xpath: //input[@id='last-name']] to be clickable
2021-12-06 07:40:14 INFO  PageBase: pages.PageBase :55 - Executing waitForElementTobeClickable command for the element: [[ChromeDriver: chrome on WINDOWS (c2564bdd19d21473e7b500a51add5878)] -> xpath: //input[@id='postal-code']]
2021-12-06 07:40:14 INFO  PageBase: pages.PageBase :58 - Waiting for the element:[[ChromeDriver: chrome on WINDOWS (c2564bdd19d21473e7b500a51add5878)] -> xpath: //input[@id='postal-code']] to be clickable
2021-12-06 07:40:14 INFO  PageBase: pages.PageBase :73 - Executing isElementPresent command on the element: [[ChromeDriver: chrome on WINDOWS (c2564bdd19d21473e7b500a51add5878)] -> xpath: //input[@id='postal-code']]
2021-12-06 07:40:14 INFO  PageBase: pages.PageBase :42 - Executing INPUT text command for the element:[[ChromeDriver: chrome on WINDOWS (c2564bdd19d21473e7b500a51add5878)] -> xpath: //input[@id='postal-code']] with value: 4109.0
2021-12-06 07:40:14 INFO  PageBase: pages.PageBase :55 - Executing waitForElementTobeClickable command for the element: [[ChromeDriver: chrome on WINDOWS (c2564bdd19d21473e7b500a51add5878)] -> xpath: //input[@id='postal-code']]
2021-12-06 07:40:14 INFO  PageBase: pages.PageBase :58 - Waiting for the element:[[ChromeDriver: chrome on WINDOWS (c2564bdd19d21473e7b500a51add5878)] -> xpath: //input[@id='postal-code']] to be clickable
2021-12-06 07:40:14 INFO  PageBase: pages.PageBase :92 - Executing CLICK command on the element: [[ChromeDriver: chrome on WINDOWS (c2564bdd19d21473e7b500a51add5878)] -> xpath: //input[@id='continue']]
2021-12-06 07:40:14 INFO  PageBase: pages.PageBase :73 - Executing isElementPresent command on the element: [[ChromeDriver: chrome on WINDOWS (c2564bdd19d21473e7b500a51add5878)] -> xpath: //input[@id='continue']]
2021-12-06 07:40:14 INFO  PageBase: pages.PageBase :55 - Executing waitForElementTobeClickable command for the element: [[ChromeDriver: chrome on WINDOWS (c2564bdd19d21473e7b500a51add5878)] -> xpath: //input[@id='continue']]
2021-12-06 07:40:14 INFO  PageBase: pages.PageBase :58 - Waiting for the element:[[ChromeDriver: chrome on WINDOWS (c2564bdd19d21473e7b500a51add5878)] -> xpath: //input[@id='continue']] to be clickable
2021-12-06 07:40:14 INFO  PageBase: pages.PageBase :92 - Executing CLICK command on the element: [[ChromeDriver: chrome on WINDOWS (c2564bdd19d21473e7b500a51add5878)] -> xpath: //button[@id='cancel']]
2021-12-06 07:40:14 INFO  PageBase: pages.PageBase :73 - Executing isElementPresent command on the element: [[ChromeDriver: chrome on WINDOWS (c2564bdd19d21473e7b500a51add5878)] -> xpath: //button[@id='cancel']]
2021-12-06 07:40:15 INFO  PageBase: pages.PageBase :55 - Executing waitForElementTobeClickable command for the element: [[ChromeDriver: chrome on WINDOWS (c2564bdd19d21473e7b500a51add5878)] -> xpath: //button[@id='cancel']]
2021-12-06 07:40:15 INFO  PageBase: pages.PageBase :58 - Waiting for the element:[[ChromeDriver: chrome on WINDOWS (c2564bdd19d21473e7b500a51add5878)] -> xpath: //button[@id='cancel']] to be clickable
]]></system-out>
    <system-err><![CDATA[Dez 06, 2021 7:40:09 AM com.relevantcodes.extentreports.ExtentReports loadConfig
WARNUNG: Unable to perform report configuration. The file C:\Users\a.khawaja\IdeaProjects\Capmo\ReportsConfig.xml was not found.
Starting ChromeDriver 96.0.4664.45 (76e4c1bb2ab4671b8beba3444e61c0f17584b2fc-refs/branch-heads/4664@{#947}) on port 2675
Only local connections are allowed.
Please see https://chromedriver.chromium.org/security-considerations for suggestions on keeping ChromeDriver safe.
ChromeDriver was started successfully.
Dez 06, 2021 7:40:10 AM org.openqa.selenium.remote.ProtocolHandshake createSession
INFORMATION: Detected dialect: W3C
]]></system-err>
  </testcase>
  <testcase name="LoginFailure[{Username=standard_user, Password=12345678, Description=Wrong password}](1)" classname="tests.LoginFailure" time="3.113">
    <system-out><![CDATA[LoginTest
Test starts from row - 6
Total rows are  - 2
Total cols are  - 3
2021-12-06 07:40:15 INFO  : BasePage.TestBase :142 - Running on Windows Operating System with chrome browser
2021-12-06 07:40:17 INFO  PageBase: pages.PageBase :55 - Executing waitForElementTobeClickable command for the element: [[ChromeDriver: chrome on WINDOWS (3be0e1652fcdbbcfed492c7406aac84f)] -> xpath: //input[@id='user-name']]
2021-12-06 07:40:17 INFO  PageBase: pages.PageBase :58 - Waiting for the element:[[ChromeDriver: chrome on WINDOWS (3be0e1652fcdbbcfed492c7406aac84f)] -> xpath: //input[@id='user-name']] to be clickable
2021-12-06 07:40:17 INFO  PageBase: pages.PageBase :73 - Executing isElementPresent command on the element: [[ChromeDriver: chrome on WINDOWS (3be0e1652fcdbbcfed492c7406aac84f)] -> xpath: //input[@id='user-name']]
2021-12-06 07:40:17 INFO  PageBase: pages.PageBase :42 - Executing INPUT text command for the element:[[ChromeDriver: chrome on WINDOWS (3be0e1652fcdbbcfed492c7406aac84f)] -> xpath: //input[@id='user-name']] with value: standard_user
2021-12-06 07:40:17 INFO  PageBase: pages.PageBase :55 - Executing waitForElementTobeClickable command for the element: [[ChromeDriver: chrome on WINDOWS (3be0e1652fcdbbcfed492c7406aac84f)] -> xpath: //input[@id='user-name']]
2021-12-06 07:40:17 INFO  PageBase: pages.PageBase :58 - Waiting for the element:[[ChromeDriver: chrome on WINDOWS (3be0e1652fcdbbcfed492c7406aac84f)] -> xpath: //input[@id='user-name']] to be clickable
2021-12-06 07:40:17 INFO  PageBase: pages.PageBase :55 - Executing waitForElementTobeClickable command for the element: [[ChromeDriver: chrome on WINDOWS (3be0e1652fcdbbcfed492c7406aac84f)] -> xpath: //input[@id='password']]
2021-12-06 07:40:17 INFO  PageBase: pages.PageBase :58 - Waiting for the element:[[ChromeDriver: chrome on WINDOWS (3be0e1652fcdbbcfed492c7406aac84f)] -> xpath: //input[@id='password']] to be clickable
2021-12-06 07:40:17 INFO  PageBase: pages.PageBase :73 - Executing isElementPresent command on the element: [[ChromeDriver: chrome on WINDOWS (3be0e1652fcdbbcfed492c7406aac84f)] -> xpath: //input[@id='password']]
2021-12-06 07:40:18 INFO  PageBase: pages.PageBase :42 - Executing INPUT text command for the element:[[ChromeDriver: chrome on WINDOWS (3be0e1652fcdbbcfed492c7406aac84f)] -> xpath: //input[@id='password']] with value: 12345678
2021-12-06 07:40:18 INFO  PageBase: pages.PageBase :55 - Executing waitForElementTobeClickable command for the element: [[ChromeDriver: chrome on WINDOWS (3be0e1652fcdbbcfed492c7406aac84f)] -> xpath: //input[@id='password']]
2021-12-06 07:40:18 INFO  PageBase: pages.PageBase :58 - Waiting for the element:[[ChromeDriver: chrome on WINDOWS (3be0e1652fcdbbcfed492c7406aac84f)] -> xpath: //input[@id='password']] to be clickable
2021-12-06 07:40:18 INFO  PageBase: pages.PageBase :55 - Executing waitForElementTobeClickable command for the element: [[ChromeDriver: chrome on WINDOWS (3be0e1652fcdbbcfed492c7406aac84f)] -> xpath: //input[@id='login-button']]
2021-12-06 07:40:18 INFO  PageBase: pages.PageBase :58 - Waiting for the element:[[ChromeDriver: chrome on WINDOWS (3be0e1652fcdbbcfed492c7406aac84f)] -> xpath: //input[@id='login-button']] to be clickable
2021-12-06 07:40:18 INFO  PageBase: pages.PageBase :92 - Executing CLICK command on the element: [[ChromeDriver: chrome on WINDOWS (3be0e1652fcdbbcfed492c7406aac84f)] -> xpath: //input[@id='login-button']]
2021-12-06 07:40:18 INFO  PageBase: pages.PageBase :73 - Executing isElementPresent command on the element: [[ChromeDriver: chrome on WINDOWS (3be0e1652fcdbbcfed492c7406aac84f)] -> xpath: //input[@id='login-button']]
2021-12-06 07:40:18 INFO  PageBase: pages.PageBase :55 - Executing waitForElementTobeClickable command for the element: [[ChromeDriver: chrome on WINDOWS (3be0e1652fcdbbcfed492c7406aac84f)] -> xpath: //input[@id='login-button']]
2021-12-06 07:40:18 INFO  PageBase: pages.PageBase :58 - Waiting for the element:[[ChromeDriver: chrome on WINDOWS (3be0e1652fcdbbcfed492c7406aac84f)] -> xpath: //input[@id='login-button']] to be clickable
2021-12-06 07:40:18 INFO  PageBase: pages.PageBase :111 - Executing waitForPageToLoad command
2021-12-06 07:40:18 INFO  PageBase: pages.PageBase :112 - Waiting for the page to load completely
2021-12-06 07:40:18 INFO  PageBase: pages.PageBase :118 - Page is loaded completely
2021-12-06 07:40:18 INFO  PageBase: pages.PageBase :55 - Executing waitForElementTobeClickable command for the element: [[ChromeDriver: chrome on WINDOWS (3be0e1652fcdbbcfed492c7406aac84f)] -> xpath: //div[@class='error-message-container error']]
2021-12-06 07:40:18 INFO  PageBase: pages.PageBase :58 - Waiting for the element:[[ChromeDriver: chrome on WINDOWS (3be0e1652fcdbbcfed492c7406aac84f)] -> xpath: //div[@class='error-message-container error']] to be clickable
2021-12-06 07:40:18 INFO  PageBase: pages.PageBase :73 - Executing isElementPresent command on the element: [[ChromeDriver: chrome on WINDOWS (3be0e1652fcdbbcfed492c7406aac84f)] -> xpath: //div[@class='error-message-container error']]
2021-12-06 07:40:18 INFO  PageBase: pages.PageBase :111 - Executing waitForPageToLoad command
2021-12-06 07:40:18 INFO  PageBase: pages.PageBase :112 - Waiting for the page to load completely
2021-12-06 07:40:18 INFO  PageBase: pages.PageBase :118 - Page is loaded completely
2021-12-06 07:40:18 INFO  PageBase: pages.PageBase :73 - Executing isElementPresent command on the element: Proxy element for: DefaultElementLocator 'By.xpath: //span[contains(text(),'Products')]'
]]></system-out>
    <system-err><![CDATA[Dez 06, 2021 7:40:15 AM com.relevantcodes.extentreports.ExtentReports loadConfig
WARNUNG: Unable to perform report configuration. The file C:\Users\a.khawaja\IdeaProjects\Capmo\ReportsConfig.xml was not found.
Starting ChromeDriver 96.0.4664.45 (76e4c1bb2ab4671b8beba3444e61c0f17584b2fc-refs/branch-heads/4664@{#947}) on port 44529
Only local connections are allowed.
Please see https://chromedriver.chromium.org/security-considerations for suggestions on keeping ChromeDriver safe.
ChromeDriver was started successfully.
Dez 06, 2021 7:40:16 AM org.openqa.selenium.remote.ProtocolHandshake createSession
INFORMATION: Detected dialect: W3C
]]></system-err>
  </testcase>
  <testcase name="LoginFailure[{Username=Test username, Password=secret_sauce, Description=Wrong username}](2)" classname="tests.LoginFailure" time="3.297">
    <system-out><![CDATA[2021-12-06 07:40:18 INFO  : BasePage.TestBase :142 - Running on Windows Operating System with chrome browser
2021-12-06 07:40:21 INFO  PageBase: pages.PageBase :55 - Executing waitForElementTobeClickable command for the element: [[ChromeDriver: chrome on WINDOWS (33aba4ffc53d2770d20f5cb56368fd40)] -> xpath: //input[@id='user-name']]
2021-12-06 07:40:21 INFO  PageBase: pages.PageBase :58 - Waiting for the element:[[ChromeDriver: chrome on WINDOWS (33aba4ffc53d2770d20f5cb56368fd40)] -> xpath: //input[@id='user-name']] to be clickable
2021-12-06 07:40:21 INFO  PageBase: pages.PageBase :73 - Executing isElementPresent command on the element: [[ChromeDriver: chrome on WINDOWS (33aba4ffc53d2770d20f5cb56368fd40)] -> xpath: //input[@id='user-name']]
2021-12-06 07:40:21 INFO  PageBase: pages.PageBase :42 - Executing INPUT text command for the element:[[ChromeDriver: chrome on WINDOWS (33aba4ffc53d2770d20f5cb56368fd40)] -> xpath: //input[@id='user-name']] with value: Test username
2021-12-06 07:40:21 INFO  PageBase: pages.PageBase :55 - Executing waitForElementTobeClickable command for the element: [[ChromeDriver: chrome on WINDOWS (33aba4ffc53d2770d20f5cb56368fd40)] -> xpath: //input[@id='user-name']]
2021-12-06 07:40:21 INFO  PageBase: pages.PageBase :58 - Waiting for the element:[[ChromeDriver: chrome on WINDOWS (33aba4ffc53d2770d20f5cb56368fd40)] -> xpath: //input[@id='user-name']] to be clickable
2021-12-06 07:40:21 INFO  PageBase: pages.PageBase :55 - Executing waitForElementTobeClickable command for the element: [[ChromeDriver: chrome on WINDOWS (33aba4ffc53d2770d20f5cb56368fd40)] -> xpath: //input[@id='password']]
2021-12-06 07:40:21 INFO  PageBase: pages.PageBase :58 - Waiting for the element:[[ChromeDriver: chrome on WINDOWS (33aba4ffc53d2770d20f5cb56368fd40)] -> xpath: //input[@id='password']] to be clickable
2021-12-06 07:40:21 INFO  PageBase: pages.PageBase :73 - Executing isElementPresent command on the element: [[ChromeDriver: chrome on WINDOWS (33aba4ffc53d2770d20f5cb56368fd40)] -> xpath: //input[@id='password']]
2021-12-06 07:40:21 INFO  PageBase: pages.PageBase :42 - Executing INPUT text command for the element:[[ChromeDriver: chrome on WINDOWS (33aba4ffc53d2770d20f5cb56368fd40)] -> xpath: //input[@id='password']] with value: secret_sauce
2021-12-06 07:40:21 INFO  PageBase: pages.PageBase :55 - Executing waitForElementTobeClickable command for the element: [[ChromeDriver: chrome on WINDOWS (33aba4ffc53d2770d20f5cb56368fd40)] -> xpath: //input[@id='password']]
2021-12-06 07:40:21 INFO  PageBase: pages.PageBase :58 - Waiting for the element:[[ChromeDriver: chrome on WINDOWS (33aba4ffc53d2770d20f5cb56368fd40)] -> xpath: //input[@id='password']] to be clickable
2021-12-06 07:40:21 INFO  PageBase: pages.PageBase :55 - Executing waitForElementTobeClickable command for the element: [[ChromeDriver: chrome on WINDOWS (33aba4ffc53d2770d20f5cb56368fd40)] -> xpath: //input[@id='login-button']]
2021-12-06 07:40:21 INFO  PageBase: pages.PageBase :58 - Waiting for the element:[[ChromeDriver: chrome on WINDOWS (33aba4ffc53d2770d20f5cb56368fd40)] -> xpath: //input[@id='login-button']] to be clickable
2021-12-06 07:40:21 INFO  PageBase: pages.PageBase :92 - Executing CLICK command on the element: [[ChromeDriver: chrome on WINDOWS (33aba4ffc53d2770d20f5cb56368fd40)] -> xpath: //input[@id='login-button']]
2021-12-06 07:40:21 INFO  PageBase: pages.PageBase :73 - Executing isElementPresent command on the element: [[ChromeDriver: chrome on WINDOWS (33aba4ffc53d2770d20f5cb56368fd40)] -> xpath: //input[@id='login-button']]
2021-12-06 07:40:21 INFO  PageBase: pages.PageBase :55 - Executing waitForElementTobeClickable command for the element: [[ChromeDriver: chrome on WINDOWS (33aba4ffc53d2770d20f5cb56368fd40)] -> xpath: //input[@id='login-button']]
2021-12-06 07:40:21 INFO  PageBase: pages.PageBase :58 - Waiting for the element:[[ChromeDriver: chrome on WINDOWS (33aba4ffc53d2770d20f5cb56368fd40)] -> xpath: //input[@id='login-button']] to be clickable
2021-12-06 07:40:22 INFO  PageBase: pages.PageBase :111 - Executing waitForPageToLoad command
2021-12-06 07:40:22 INFO  PageBase: pages.PageBase :112 - Waiting for the page to load completely
2021-12-06 07:40:22 INFO  PageBase: pages.PageBase :118 - Page is loaded completely
2021-12-06 07:40:22 INFO  PageBase: pages.PageBase :55 - Executing waitForElementTobeClickable command for the element: [[ChromeDriver: chrome on WINDOWS (33aba4ffc53d2770d20f5cb56368fd40)] -> xpath: //div[@class='error-message-container error']]
2021-12-06 07:40:22 INFO  PageBase: pages.PageBase :58 - Waiting for the element:[[ChromeDriver: chrome on WINDOWS (33aba4ffc53d2770d20f5cb56368fd40)] -> xpath: //div[@class='error-message-container error']] to be clickable
2021-12-06 07:40:22 INFO  PageBase: pages.PageBase :73 - Executing isElementPresent command on the element: [[ChromeDriver: chrome on WINDOWS (33aba4ffc53d2770d20f5cb56368fd40)] -> xpath: //div[@class='error-message-container error']]
2021-12-06 07:40:22 INFO  PageBase: pages.PageBase :111 - Executing waitForPageToLoad command
2021-12-06 07:40:22 INFO  PageBase: pages.PageBase :112 - Waiting for the page to load completely
2021-12-06 07:40:22 INFO  PageBase: pages.PageBase :118 - Page is loaded completely
2021-12-06 07:40:22 INFO  PageBase: pages.PageBase :73 - Executing isElementPresent command on the element: Proxy element for: DefaultElementLocator 'By.xpath: //span[contains(text(),'Products')]'
]]></system-out>
    <system-err><![CDATA[Dez 06, 2021 7:40:18 AM com.relevantcodes.extentreports.ExtentReports loadConfig
WARNUNG: Unable to perform report configuration. The file C:\Users\a.khawaja\IdeaProjects\Capmo\ReportsConfig.xml was not found.
Starting ChromeDriver 96.0.4664.45 (76e4c1bb2ab4671b8beba3444e61c0f17584b2fc-refs/branch-heads/4664@{#947}) on port 18215
Only local connections are allowed.
Please see https://chromedriver.chromium.org/security-considerations for suggestions on keeping ChromeDriver safe.
ChromeDriver was started successfully.
Dez 06, 2021 7:40:20 AM org.openqa.selenium.remote.ProtocolHandshake createSession
INFORMATION: Detected dialect: W3C
]]></system-err>
  </testcase>
  <testcase name="LoginPage[{Username=standard_user, Password=secret_sauce, Description=Happy path}](1)" classname="tests.LoginTest" time="2.83">
    <system-out><![CDATA[LoginTest
Test starts from row - 1
Total rows are  - 1
Total cols are  - 3
2021-12-06 07:40:22 INFO  : BasePage.TestBase :142 - Running on Windows Operating System with chrome browser
2021-12-06 07:40:24 INFO  PageBase: pages.PageBase :55 - Executing waitForElementTobeClickable command for the element: [[ChromeDriver: chrome on WINDOWS (21653d648aff582cf99b986371542253)] -> xpath: //input[@id='user-name']]
2021-12-06 07:40:24 INFO  PageBase: pages.PageBase :58 - Waiting for the element:[[ChromeDriver: chrome on WINDOWS (21653d648aff582cf99b986371542253)] -> xpath: //input[@id='user-name']] to be clickable
2021-12-06 07:40:24 INFO  PageBase: pages.PageBase :73 - Executing isElementPresent command on the element: [[ChromeDriver: chrome on WINDOWS (21653d648aff582cf99b986371542253)] -> xpath: //input[@id='user-name']]
2021-12-06 07:40:24 INFO  PageBase: pages.PageBase :42 - Executing INPUT text command for the element:[[ChromeDriver: chrome on WINDOWS (21653d648aff582cf99b986371542253)] -> xpath: //input[@id='user-name']] with value: standard_user
2021-12-06 07:40:24 INFO  PageBase: pages.PageBase :55 - Executing waitForElementTobeClickable command for the element: [[ChromeDriver: chrome on WINDOWS (21653d648aff582cf99b986371542253)] -> xpath: //input[@id='user-name']]
2021-12-06 07:40:24 INFO  PageBase: pages.PageBase :58 - Waiting for the element:[[ChromeDriver: chrome on WINDOWS (21653d648aff582cf99b986371542253)] -> xpath: //input[@id='user-name']] to be clickable
2021-12-06 07:40:24 INFO  PageBase: pages.PageBase :55 - Executing waitForElementTobeClickable command for the element: [[ChromeDriver: chrome on WINDOWS (21653d648aff582cf99b986371542253)] -> xpath: //input[@id='password']]
2021-12-06 07:40:24 INFO  PageBase: pages.PageBase :58 - Waiting for the element:[[ChromeDriver: chrome on WINDOWS (21653d648aff582cf99b986371542253)] -> xpath: //input[@id='password']] to be clickable
2021-12-06 07:40:24 INFO  PageBase: pages.PageBase :73 - Executing isElementPresent command on the element: [[ChromeDriver: chrome on WINDOWS (21653d648aff582cf99b986371542253)] -> xpath: //input[@id='password']]
2021-12-06 07:40:25 INFO  PageBase: pages.PageBase :42 - Executing INPUT text command for the element:[[ChromeDriver: chrome on WINDOWS (21653d648aff582cf99b986371542253)] -> xpath: //input[@id='password']] with value: secret_sauce
2021-12-06 07:40:25 INFO  PageBase: pages.PageBase :55 - Executing waitForElementTobeClickable command for the element: [[ChromeDriver: chrome on WINDOWS (21653d648aff582cf99b986371542253)] -> xpath: //input[@id='password']]
2021-12-06 07:40:25 INFO  PageBase: pages.PageBase :58 - Waiting for the element:[[ChromeDriver: chrome on WINDOWS (21653d648aff582cf99b986371542253)] -> xpath: //input[@id='password']] to be clickable
2021-12-06 07:40:25 INFO  PageBase: pages.PageBase :55 - Executing waitForElementTobeClickable command for the element: [[ChromeDriver: chrome on WINDOWS (21653d648aff582cf99b986371542253)] -> xpath: //input[@id='login-button']]
2021-12-06 07:40:25 INFO  PageBase: pages.PageBase :58 - Waiting for the element:[[ChromeDriver: chrome on WINDOWS (21653d648aff582cf99b986371542253)] -> xpath: //input[@id='login-button']] to be clickable
2021-12-06 07:40:25 INFO  PageBase: pages.PageBase :92 - Executing CLICK command on the element: [[ChromeDriver: chrome on WINDOWS (21653d648aff582cf99b986371542253)] -> xpath: //input[@id='login-button']]
2021-12-06 07:40:25 INFO  PageBase: pages.PageBase :73 - Executing isElementPresent command on the element: [[ChromeDriver: chrome on WINDOWS (21653d648aff582cf99b986371542253)] -> xpath: //input[@id='login-button']]
2021-12-06 07:40:25 INFO  PageBase: pages.PageBase :55 - Executing waitForElementTobeClickable command for the element: [[ChromeDriver: chrome on WINDOWS (21653d648aff582cf99b986371542253)] -> xpath: //input[@id='login-button']]
2021-12-06 07:40:25 INFO  PageBase: pages.PageBase :58 - Waiting for the element:[[ChromeDriver: chrome on WINDOWS (21653d648aff582cf99b986371542253)] -> xpath: //input[@id='login-button']] to be clickable
2021-12-06 07:40:25 INFO  PageBase: pages.PageBase :111 - Executing waitForPageToLoad command
2021-12-06 07:40:25 INFO  PageBase: pages.PageBase :112 - Waiting for the page to load completely
2021-12-06 07:40:25 INFO  PageBase: pages.PageBase :118 - Page is loaded completely
2021-12-06 07:40:25 INFO  PageBase: pages.PageBase :73 - Executing isElementPresent command on the element: [[ChromeDriver: chrome on WINDOWS (21653d648aff582cf99b986371542253)] -> xpath: //span[contains(text(),'Products')]]
]]></system-out>
    <system-err><![CDATA[Dez 06, 2021 7:40:22 AM com.relevantcodes.extentreports.ExtentReports loadConfig
WARNUNG: Unable to perform report configuration. The file C:\Users\a.khawaja\IdeaProjects\Capmo\ReportsConfig.xml was not found.
Starting ChromeDriver 96.0.4664.45 (76e4c1bb2ab4671b8beba3444e61c0f17584b2fc-refs/branch-heads/4664@{#947}) on port 40678
Only local connections are allowed.
Please see https://chromedriver.chromium.org/security-considerations for suggestions on keeping ChromeDriver safe.
ChromeDriver was started successfully.
Dez 06, 2021 7:40:23 AM org.openqa.selenium.remote.ProtocolHandshake createSession
INFORMATION: Detected dialect: W3C
]]></system-err>
  </testcase>
  <testcase name="verifyProductPageIsNOTEmpty[{Description=Happy path, ProductDescription=Get your testing superhero on with the Sauce Labs bolt T-shirt. From American Apparel, 100% ringspun combed cotton, heather gray with red bolt., Username=standard_user, ProductName=Sauce Labs Bolt T-Shirt, ProductPrice=$15.99, ProductPrice2=$49.99, SecondProductDescription=It&apos;s not every day that you come across a midweight quarter-zip fleece jacket capable of handling everything from a relaxing day outdoors to a busy day at the office., Password=secret_sauce, LastName=Test2, SecondProductName=Sauce Labs Fleece Jacket, ZipCode=4109.0, SecondProductPrice=49.99, FirstName=Test1, FirstProductPrice=15.99}](1)" classname="tests.ProductPageTests" time="2.869">
    <system-out><![CDATA[LoginTest
Test starts from row - 11
Total rows are  - 1
Total cols are  - 14
2021-12-06 07:40:26 INFO  : BasePage.TestBase :142 - Running on Windows Operating System with chrome browser
2021-12-06 07:40:27 INFO  PageBase: pages.PageBase :55 - Executing waitForElementTobeClickable command for the element: [[ChromeDriver: chrome on WINDOWS (8a5d8616a66c925157c37ad0932936f4)] -> xpath: //input[@id='user-name']]
2021-12-06 07:40:28 INFO  PageBase: pages.PageBase :58 - Waiting for the element:[[ChromeDriver: chrome on WINDOWS (8a5d8616a66c925157c37ad0932936f4)] -> xpath: //input[@id='user-name']] to be clickable
2021-12-06 07:40:28 INFO  PageBase: pages.PageBase :73 - Executing isElementPresent command on the element: [[ChromeDriver: chrome on WINDOWS (8a5d8616a66c925157c37ad0932936f4)] -> xpath: //input[@id='user-name']]
2021-12-06 07:40:28 INFO  PageBase: pages.PageBase :42 - Executing INPUT text command for the element:[[ChromeDriver: chrome on WINDOWS (8a5d8616a66c925157c37ad0932936f4)] -> xpath: //input[@id='user-name']] with value: standard_user
2021-12-06 07:40:28 INFO  PageBase: pages.PageBase :55 - Executing waitForElementTobeClickable command for the element: [[ChromeDriver: chrome on WINDOWS (8a5d8616a66c925157c37ad0932936f4)] -> xpath: //input[@id='user-name']]
2021-12-06 07:40:28 INFO  PageBase: pages.PageBase :58 - Waiting for the element:[[ChromeDriver: chrome on WINDOWS (8a5d8616a66c925157c37ad0932936f4)] -> xpath: //input[@id='user-name']] to be clickable
2021-12-06 07:40:28 INFO  PageBase: pages.PageBase :55 - Executing waitForElementTobeClickable command for the element: [[ChromeDriver: chrome on WINDOWS (8a5d8616a66c925157c37ad0932936f4)] -> xpath: //input[@id='password']]
2021-12-06 07:40:28 INFO  PageBase: pages.PageBase :58 - Waiting for the element:[[ChromeDriver: chrome on WINDOWS (8a5d8616a66c925157c37ad0932936f4)] -> xpath: //input[@id='password']] to be clickable
2021-12-06 07:40:28 INFO  PageBase: pages.PageBase :73 - Executing isElementPresent command on the element: [[ChromeDriver: chrome on WINDOWS (8a5d8616a66c925157c37ad0932936f4)] -> xpath: //input[@id='password']]
2021-12-06 07:40:28 INFO  PageBase: pages.PageBase :42 - Executing INPUT text command for the element:[[ChromeDriver: chrome on WINDOWS (8a5d8616a66c925157c37ad0932936f4)] -> xpath: //input[@id='password']] with value: secret_sauce
2021-12-06 07:40:28 INFO  PageBase: pages.PageBase :55 - Executing waitForElementTobeClickable command for the element: [[ChromeDriver: chrome on WINDOWS (8a5d8616a66c925157c37ad0932936f4)] -> xpath: //input[@id='password']]
2021-12-06 07:40:28 INFO  PageBase: pages.PageBase :58 - Waiting for the element:[[ChromeDriver: chrome on WINDOWS (8a5d8616a66c925157c37ad0932936f4)] -> xpath: //input[@id='password']] to be clickable
2021-12-06 07:40:28 INFO  PageBase: pages.PageBase :55 - Executing waitForElementTobeClickable command for the element: [[ChromeDriver: chrome on WINDOWS (8a5d8616a66c925157c37ad0932936f4)] -> xpath: //input[@id='login-button']]
2021-12-06 07:40:28 INFO  PageBase: pages.PageBase :58 - Waiting for the element:[[ChromeDriver: chrome on WINDOWS (8a5d8616a66c925157c37ad0932936f4)] -> xpath: //input[@id='login-button']] to be clickable
2021-12-06 07:40:28 INFO  PageBase: pages.PageBase :92 - Executing CLICK command on the element: [[ChromeDriver: chrome on WINDOWS (8a5d8616a66c925157c37ad0932936f4)] -> xpath: //input[@id='login-button']]
2021-12-06 07:40:28 INFO  PageBase: pages.PageBase :73 - Executing isElementPresent command on the element: [[ChromeDriver: chrome on WINDOWS (8a5d8616a66c925157c37ad0932936f4)] -> xpath: //input[@id='login-button']]
2021-12-06 07:40:29 INFO  PageBase: pages.PageBase :55 - Executing waitForElementTobeClickable command for the element: [[ChromeDriver: chrome on WINDOWS (8a5d8616a66c925157c37ad0932936f4)] -> xpath: //input[@id='login-button']]
2021-12-06 07:40:29 INFO  PageBase: pages.PageBase :58 - Waiting for the element:[[ChromeDriver: chrome on WINDOWS (8a5d8616a66c925157c37ad0932936f4)] -> xpath: //input[@id='login-button']] to be clickable
2021-12-06 07:40:29 INFO  PageBase: pages.PageBase :111 - Executing waitForPageToLoad command
2021-12-06 07:40:29 INFO  PageBase: pages.PageBase :112 - Waiting for the page to load completely
2021-12-06 07:40:29 INFO  PageBase: pages.PageBase :118 - Page is loaded completely
]]></system-out>
    <system-err><![CDATA[Dez 06, 2021 7:40:26 AM com.relevantcodes.extentreports.ExtentReports loadConfig
WARNUNG: Unable to perform report configuration. The file C:\Users\a.khawaja\IdeaProjects\Capmo\ReportsConfig.xml was not found.
Starting ChromeDriver 96.0.4664.45 (76e4c1bb2ab4671b8beba3444e61c0f17584b2fc-refs/branch-heads/4664@{#947}) on port 22561
Only local connections are allowed.
Please see https://chromedriver.chromium.org/security-considerations for suggestions on keeping ChromeDriver safe.
ChromeDriver was started successfully.
Dez 06, 2021 7:40:27 AM org.openqa.selenium.remote.ProtocolHandshake createSession
INFORMATION: Detected dialect: W3C
]]></system-err>
  </testcase>
  <testcase name="verifyAllProductImagesArePresent[{Description=Happy path, ProductDescription=Get your testing superhero on with the Sauce Labs bolt T-shirt. From American Apparel, 100% ringspun combed cotton, heather gray with red bolt., Username=standard_user, ProductName=Sauce Labs Bolt T-Shirt, ProductPrice=$15.99, ProductPrice2=$49.99, SecondProductDescription=It&apos;s not every day that you come across a midweight quarter-zip fleece jacket capable of handling everything from a relaxing day outdoors to a busy day at the office., Password=secret_sauce, LastName=Test2, SecondProductName=Sauce Labs Fleece Jacket, ZipCode=4109.0, SecondProductPrice=49.99, FirstName=Test1, FirstProductPrice=15.99}](1)" classname="tests.ProductPageTests" time="3.492">
    <system-out><![CDATA[LoginTest
Test starts from row - 11
Total rows are  - 1
Total cols are  - 14
2021-12-06 07:40:29 INFO  : BasePage.TestBase :142 - Running on Windows Operating System with chrome browser
2021-12-06 07:40:31 INFO  PageBase: pages.PageBase :55 - Executing waitForElementTobeClickable command for the element: [[ChromeDriver: chrome on WINDOWS (6d0c10b2a447d18a0d1612da188b9ba8)] -> xpath: //input[@id='user-name']]
2021-12-06 07:40:31 INFO  PageBase: pages.PageBase :58 - Waiting for the element:[[ChromeDriver: chrome on WINDOWS (6d0c10b2a447d18a0d1612da188b9ba8)] -> xpath: //input[@id='user-name']] to be clickable
2021-12-06 07:40:31 INFO  PageBase: pages.PageBase :73 - Executing isElementPresent command on the element: [[ChromeDriver: chrome on WINDOWS (6d0c10b2a447d18a0d1612da188b9ba8)] -> xpath: //input[@id='user-name']]
2021-12-06 07:40:31 INFO  PageBase: pages.PageBase :42 - Executing INPUT text command for the element:[[ChromeDriver: chrome on WINDOWS (6d0c10b2a447d18a0d1612da188b9ba8)] -> xpath: //input[@id='user-name']] with value: standard_user
2021-12-06 07:40:31 INFO  PageBase: pages.PageBase :55 - Executing waitForElementTobeClickable command for the element: [[ChromeDriver: chrome on WINDOWS (6d0c10b2a447d18a0d1612da188b9ba8)] -> xpath: //input[@id='user-name']]
2021-12-06 07:40:31 INFO  PageBase: pages.PageBase :58 - Waiting for the element:[[ChromeDriver: chrome on WINDOWS (6d0c10b2a447d18a0d1612da188b9ba8)] -> xpath: //input[@id='user-name']] to be clickable
2021-12-06 07:40:31 INFO  PageBase: pages.PageBase :55 - Executing waitForElementTobeClickable command for the element: [[ChromeDriver: chrome on WINDOWS (6d0c10b2a447d18a0d1612da188b9ba8)] -> xpath: //input[@id='password']]
2021-12-06 07:40:31 INFO  PageBase: pages.PageBase :58 - Waiting for the element:[[ChromeDriver: chrome on WINDOWS (6d0c10b2a447d18a0d1612da188b9ba8)] -> xpath: //input[@id='password']] to be clickable
2021-12-06 07:40:31 INFO  PageBase: pages.PageBase :73 - Executing isElementPresent command on the element: [[ChromeDriver: chrome on WINDOWS (6d0c10b2a447d18a0d1612da188b9ba8)] -> xpath: //input[@id='password']]
2021-12-06 07:40:31 INFO  PageBase: pages.PageBase :42 - Executing INPUT text command for the element:[[ChromeDriver: chrome on WINDOWS (6d0c10b2a447d18a0d1612da188b9ba8)] -> xpath: //input[@id='password']] with value: secret_sauce
2021-12-06 07:40:31 INFO  PageBase: pages.PageBase :55 - Executing waitForElementTobeClickable command for the element: [[ChromeDriver: chrome on WINDOWS (6d0c10b2a447d18a0d1612da188b9ba8)] -> xpath: //input[@id='password']]
2021-12-06 07:40:31 INFO  PageBase: pages.PageBase :58 - Waiting for the element:[[ChromeDriver: chrome on WINDOWS (6d0c10b2a447d18a0d1612da188b9ba8)] -> xpath: //input[@id='password']] to be clickable
2021-12-06 07:40:32 INFO  PageBase: pages.PageBase :55 - Executing waitForElementTobeClickable command for the element: [[ChromeDriver: chrome on WINDOWS (6d0c10b2a447d18a0d1612da188b9ba8)] -> xpath: //input[@id='login-button']]
2021-12-06 07:40:32 INFO  PageBase: pages.PageBase :58 - Waiting for the element:[[ChromeDriver: chrome on WINDOWS (6d0c10b2a447d18a0d1612da188b9ba8)] -> xpath: //input[@id='login-button']] to be clickable
2021-12-06 07:40:32 INFO  PageBase: pages.PageBase :92 - Executing CLICK command on the element: [[ChromeDriver: chrome on WINDOWS (6d0c10b2a447d18a0d1612da188b9ba8)] -> xpath: //input[@id='login-button']]
2021-12-06 07:40:32 INFO  PageBase: pages.PageBase :73 - Executing isElementPresent command on the element: [[ChromeDriver: chrome on WINDOWS (6d0c10b2a447d18a0d1612da188b9ba8)] -> xpath: //input[@id='login-button']]
2021-12-06 07:40:32 INFO  PageBase: pages.PageBase :55 - Executing waitForElementTobeClickable command for the element: [[ChromeDriver: chrome on WINDOWS (6d0c10b2a447d18a0d1612da188b9ba8)] -> xpath: //input[@id='login-button']]
2021-12-06 07:40:32 INFO  PageBase: pages.PageBase :58 - Waiting for the element:[[ChromeDriver: chrome on WINDOWS (6d0c10b2a447d18a0d1612da188b9ba8)] -> xpath: //input[@id='login-button']] to be clickable
2021-12-06 07:40:32 INFO  PageBase: pages.PageBase :111 - Executing waitForPageToLoad command
2021-12-06 07:40:32 INFO  PageBase: pages.PageBase :112 - Waiting for the page to load completely
2021-12-06 07:40:32 INFO  PageBase: pages.PageBase :118 - Page is loaded completely
]]></system-out>
    <system-err><![CDATA[Dez 06, 2021 7:40:29 AM com.relevantcodes.extentreports.ExtentReports loadConfig
WARNUNG: Unable to perform report configuration. The file C:\Users\a.khawaja\IdeaProjects\Capmo\ReportsConfig.xml was not found.
Starting ChromeDriver 96.0.4664.45 (76e4c1bb2ab4671b8beba3444e61c0f17584b2fc-refs/branch-heads/4664@{#947}) on port 16571
Only local connections are allowed.
Please see https://chromedriver.chromium.org/security-considerations for suggestions on keeping ChromeDriver safe.
ChromeDriver was started successfully.
Dez 06, 2021 7:40:30 AM org.openqa.selenium.remote.ProtocolHandshake createSession
INFORMATION: Detected dialect: W3C
]]></system-err>
  </testcase>
  <testcase name="verifyProductAddedToCart[{Description=Happy path, ProductDescription=Get your testing superhero on with the Sauce Labs bolt T-shirt. From American Apparel, 100% ringspun combed cotton, heather gray with red bolt., Username=standard_user, ProductName=Sauce Labs Bolt T-Shirt, ProductPrice=$15.99, ProductPrice2=$49.99, SecondProductDescription=It&apos;s not every day that you come across a midweight quarter-zip fleece jacket capable of handling everything from a relaxing day outdoors to a busy day at the office., Password=secret_sauce, LastName=Test2, SecondProductName=Sauce Labs Fleece Jacket, ZipCode=4109.0, SecondProductPrice=49.99, FirstName=Test1, FirstProductPrice=15.99}](1)" classname="tests.ProductPageTests" time="3.398">
    <system-out><![CDATA[LoginTest
Test starts from row - 11
Total rows are  - 1
Total cols are  - 14
2021-12-06 07:40:32 INFO  : BasePage.TestBase :142 - Running on Windows Operating System with chrome browser
2021-12-06 07:40:34 INFO  PageBase: pages.PageBase :55 - Executing waitForElementTobeClickable command for the element: [[ChromeDriver: chrome on WINDOWS (7287a7fecdb0abb60471252e4c9ea2c5)] -> xpath: //input[@id='user-name']]
2021-12-06 07:40:34 INFO  PageBase: pages.PageBase :58 - Waiting for the element:[[ChromeDriver: chrome on WINDOWS (7287a7fecdb0abb60471252e4c9ea2c5)] -> xpath: //input[@id='user-name']] to be clickable
2021-12-06 07:40:34 INFO  PageBase: pages.PageBase :73 - Executing isElementPresent command on the element: [[ChromeDriver: chrome on WINDOWS (7287a7fecdb0abb60471252e4c9ea2c5)] -> xpath: //input[@id='user-name']]
2021-12-06 07:40:34 INFO  PageBase: pages.PageBase :42 - Executing INPUT text command for the element:[[ChromeDriver: chrome on WINDOWS (7287a7fecdb0abb60471252e4c9ea2c5)] -> xpath: //input[@id='user-name']] with value: standard_user
2021-12-06 07:40:34 INFO  PageBase: pages.PageBase :55 - Executing waitForElementTobeClickable command for the element: [[ChromeDriver: chrome on WINDOWS (7287a7fecdb0abb60471252e4c9ea2c5)] -> xpath: //input[@id='user-name']]
2021-12-06 07:40:34 INFO  PageBase: pages.PageBase :58 - Waiting for the element:[[ChromeDriver: chrome on WINDOWS (7287a7fecdb0abb60471252e4c9ea2c5)] -> xpath: //input[@id='user-name']] to be clickable
2021-12-06 07:40:35 INFO  PageBase: pages.PageBase :55 - Executing waitForElementTobeClickable command for the element: [[ChromeDriver: chrome on WINDOWS (7287a7fecdb0abb60471252e4c9ea2c5)] -> xpath: //input[@id='password']]
2021-12-06 07:40:35 INFO  PageBase: pages.PageBase :58 - Waiting for the element:[[ChromeDriver: chrome on WINDOWS (7287a7fecdb0abb60471252e4c9ea2c5)] -> xpath: //input[@id='password']] to be clickable
2021-12-06 07:40:35 INFO  PageBase: pages.PageBase :73 - Executing isElementPresent command on the element: [[ChromeDriver: chrome on WINDOWS (7287a7fecdb0abb60471252e4c9ea2c5)] -> xpath: //input[@id='password']]
2021-12-06 07:40:35 INFO  PageBase: pages.PageBase :42 - Executing INPUT text command for the element:[[ChromeDriver: chrome on WINDOWS (7287a7fecdb0abb60471252e4c9ea2c5)] -> xpath: //input[@id='password']] with value: secret_sauce
2021-12-06 07:40:35 INFO  PageBase: pages.PageBase :55 - Executing waitForElementTobeClickable command for the element: [[ChromeDriver: chrome on WINDOWS (7287a7fecdb0abb60471252e4c9ea2c5)] -> xpath: //input[@id='password']]
2021-12-06 07:40:35 INFO  PageBase: pages.PageBase :58 - Waiting for the element:[[ChromeDriver: chrome on WINDOWS (7287a7fecdb0abb60471252e4c9ea2c5)] -> xpath: //input[@id='password']] to be clickable
2021-12-06 07:40:35 INFO  PageBase: pages.PageBase :55 - Executing waitForElementTobeClickable command for the element: [[ChromeDriver: chrome on WINDOWS (7287a7fecdb0abb60471252e4c9ea2c5)] -> xpath: //input[@id='login-button']]
2021-12-06 07:40:35 INFO  PageBase: pages.PageBase :58 - Waiting for the element:[[ChromeDriver: chrome on WINDOWS (7287a7fecdb0abb60471252e4c9ea2c5)] -> xpath: //input[@id='login-button']] to be clickable
2021-12-06 07:40:35 INFO  PageBase: pages.PageBase :92 - Executing CLICK command on the element: [[ChromeDriver: chrome on WINDOWS (7287a7fecdb0abb60471252e4c9ea2c5)] -> xpath: //input[@id='login-button']]
2021-12-06 07:40:35 INFO  PageBase: pages.PageBase :73 - Executing isElementPresent command on the element: [[ChromeDriver: chrome on WINDOWS (7287a7fecdb0abb60471252e4c9ea2c5)] -> xpath: //input[@id='login-button']]
2021-12-06 07:40:35 INFO  PageBase: pages.PageBase :55 - Executing waitForElementTobeClickable command for the element: [[ChromeDriver: chrome on WINDOWS (7287a7fecdb0abb60471252e4c9ea2c5)] -> xpath: //input[@id='login-button']]
2021-12-06 07:40:35 INFO  PageBase: pages.PageBase :58 - Waiting for the element:[[ChromeDriver: chrome on WINDOWS (7287a7fecdb0abb60471252e4c9ea2c5)] -> xpath: //input[@id='login-button']] to be clickable
2021-12-06 07:40:35 INFO  PageBase: pages.PageBase :111 - Executing waitForPageToLoad command
2021-12-06 07:40:35 INFO  PageBase: pages.PageBase :112 - Waiting for the page to load completely
2021-12-06 07:40:35 INFO  PageBase: pages.PageBase :118 - Page is loaded completely
2021-12-06 07:40:35 INFO  PageBase: pages.PageBase :92 - Executing CLICK command on the element: [[ChromeDriver: chrome on WINDOWS (7287a7fecdb0abb60471252e4c9ea2c5)] -> xpath: //div[@class='inventory_list']//div[3]//div[@class='inventory_item_description']//div[@class='pricebar']//button]
2021-12-06 07:40:35 INFO  PageBase: pages.PageBase :73 - Executing isElementPresent command on the element: [[ChromeDriver: chrome on WINDOWS (7287a7fecdb0abb60471252e4c9ea2c5)] -> xpath: //div[@class='inventory_list']//div[3]//div[@class='inventory_item_description']//div[@class='pricebar']//button]
2021-12-06 07:40:35 INFO  PageBase: pages.PageBase :55 - Executing waitForElementTobeClickable command for the element: [[ChromeDriver: chrome on WINDOWS (7287a7fecdb0abb60471252e4c9ea2c5)] -> xpath: //div[@class='inventory_list']//div[3]//div[@class='inventory_item_description']//div[@class='pricebar']//button]
2021-12-06 07:40:35 INFO  PageBase: pages.PageBase :58 - Waiting for the element:[[ChromeDriver: chrome on WINDOWS (7287a7fecdb0abb60471252e4c9ea2c5)] -> xpath: //div[@class='inventory_list']//div[3]//div[@class='inventory_item_description']//div[@class='pricebar']//button] to be clickable
]]></system-out>
    <system-err><![CDATA[Dez 06, 2021 7:40:32 AM com.relevantcodes.extentreports.ExtentReports loadConfig
WARNUNG: Unable to perform report configuration. The file C:\Users\a.khawaja\IdeaProjects\Capmo\ReportsConfig.xml was not found.
Starting ChromeDriver 96.0.4664.45 (76e4c1bb2ab4671b8beba3444e61c0f17584b2fc-refs/branch-heads/4664@{#947}) on port 14575
Only local connections are allowed.
Please see https://chromedriver.chromium.org/security-considerations for suggestions on keeping ChromeDriver safe.
ChromeDriver was started successfully.
Dez 06, 2021 7:40:33 AM org.openqa.selenium.remote.ProtocolHandshake createSession
INFORMATION: Detected dialect: W3C
]]></system-err>
  </testcase>
  <testcase name="verifyProductDescriptionIsPresent[{Description=Happy path, ProductDescription=Get your testing superhero on with the Sauce Labs bolt T-shirt. From American Apparel, 100% ringspun combed cotton, heather gray with red bolt., Username=standard_user, ProductName=Sauce Labs Bolt T-Shirt, ProductPrice=$15.99, ProductPrice2=$49.99, SecondProductDescription=It&apos;s not every day that you come across a midweight quarter-zip fleece jacket capable of handling everything from a relaxing day outdoors to a busy day at the office., Password=secret_sauce, LastName=Test2, SecondProductName=Sauce Labs Fleece Jacket, ZipCode=4109.0, SecondProductPrice=49.99, FirstName=Test1, FirstProductPrice=15.99}](1)" classname="tests.ProductPageTests" time="3.181">
    <system-out><![CDATA[LoginTest
Test starts from row - 11
Total rows are  - 1
Total cols are  - 14
2021-12-06 07:40:36 INFO  : BasePage.TestBase :142 - Running on Windows Operating System with chrome browser
2021-12-06 07:40:38 INFO  PageBase: pages.PageBase :55 - Executing waitForElementTobeClickable command for the element: [[ChromeDriver: chrome on WINDOWS (1d8270fe450ec5df7de386889d3b0631)] -> xpath: //input[@id='user-name']]
2021-12-06 07:40:38 INFO  PageBase: pages.PageBase :58 - Waiting for the element:[[ChromeDriver: chrome on WINDOWS (1d8270fe450ec5df7de386889d3b0631)] -> xpath: //input[@id='user-name']] to be clickable
2021-12-06 07:40:38 INFO  PageBase: pages.PageBase :73 - Executing isElementPresent command on the element: [[ChromeDriver: chrome on WINDOWS (1d8270fe450ec5df7de386889d3b0631)] -> xpath: //input[@id='user-name']]
2021-12-06 07:40:38 INFO  PageBase: pages.PageBase :42 - Executing INPUT text command for the element:[[ChromeDriver: chrome on WINDOWS (1d8270fe450ec5df7de386889d3b0631)] -> xpath: //input[@id='user-name']] with value: standard_user
2021-12-06 07:40:38 INFO  PageBase: pages.PageBase :55 - Executing waitForElementTobeClickable command for the element: [[ChromeDriver: chrome on WINDOWS (1d8270fe450ec5df7de386889d3b0631)] -> xpath: //input[@id='user-name']]
2021-12-06 07:40:38 INFO  PageBase: pages.PageBase :58 - Waiting for the element:[[ChromeDriver: chrome on WINDOWS (1d8270fe450ec5df7de386889d3b0631)] -> xpath: //input[@id='user-name']] to be clickable
2021-12-06 07:40:38 INFO  PageBase: pages.PageBase :55 - Executing waitForElementTobeClickable command for the element: [[ChromeDriver: chrome on WINDOWS (1d8270fe450ec5df7de386889d3b0631)] -> xpath: //input[@id='password']]
2021-12-06 07:40:38 INFO  PageBase: pages.PageBase :58 - Waiting for the element:[[ChromeDriver: chrome on WINDOWS (1d8270fe450ec5df7de386889d3b0631)] -> xpath: //input[@id='password']] to be clickable
2021-12-06 07:40:38 INFO  PageBase: pages.PageBase :73 - Executing isElementPresent command on the element: [[ChromeDriver: chrome on WINDOWS (1d8270fe450ec5df7de386889d3b0631)] -> xpath: //input[@id='password']]
2021-12-06 07:40:38 INFO  PageBase: pages.PageBase :42 - Executing INPUT text command for the element:[[ChromeDriver: chrome on WINDOWS (1d8270fe450ec5df7de386889d3b0631)] -> xpath: //input[@id='password']] with value: secret_sauce
2021-12-06 07:40:38 INFO  PageBase: pages.PageBase :55 - Executing waitForElementTobeClickable command for the element: [[ChromeDriver: chrome on WINDOWS (1d8270fe450ec5df7de386889d3b0631)] -> xpath: //input[@id='password']]
2021-12-06 07:40:38 INFO  PageBase: pages.PageBase :58 - Waiting for the element:[[ChromeDriver: chrome on WINDOWS (1d8270fe450ec5df7de386889d3b0631)] -> xpath: //input[@id='password']] to be clickable
2021-12-06 07:40:38 INFO  PageBase: pages.PageBase :55 - Executing waitForElementTobeClickable command for the element: [[ChromeDriver: chrome on WINDOWS (1d8270fe450ec5df7de386889d3b0631)] -> xpath: //input[@id='login-button']]
2021-12-06 07:40:38 INFO  PageBase: pages.PageBase :58 - Waiting for the element:[[ChromeDriver: chrome on WINDOWS (1d8270fe450ec5df7de386889d3b0631)] -> xpath: //input[@id='login-button']] to be clickable
2021-12-06 07:40:38 INFO  PageBase: pages.PageBase :92 - Executing CLICK command on the element: [[ChromeDriver: chrome on WINDOWS (1d8270fe450ec5df7de386889d3b0631)] -> xpath: //input[@id='login-button']]
2021-12-06 07:40:38 INFO  PageBase: pages.PageBase :73 - Executing isElementPresent command on the element: [[ChromeDriver: chrome on WINDOWS (1d8270fe450ec5df7de386889d3b0631)] -> xpath: //input[@id='login-button']]
2021-12-06 07:40:38 INFO  PageBase: pages.PageBase :55 - Executing waitForElementTobeClickable command for the element: [[ChromeDriver: chrome on WINDOWS (1d8270fe450ec5df7de386889d3b0631)] -> xpath: //input[@id='login-button']]
2021-12-06 07:40:38 INFO  PageBase: pages.PageBase :58 - Waiting for the element:[[ChromeDriver: chrome on WINDOWS (1d8270fe450ec5df7de386889d3b0631)] -> xpath: //input[@id='login-button']] to be clickable
2021-12-06 07:40:39 INFO  PageBase: pages.PageBase :111 - Executing waitForPageToLoad command
2021-12-06 07:40:39 INFO  PageBase: pages.PageBase :112 - Waiting for the page to load completely
2021-12-06 07:40:39 INFO  PageBase: pages.PageBase :118 - Page is loaded completely
]]></system-out>
    <system-err><![CDATA[Dez 06, 2021 7:40:36 AM com.relevantcodes.extentreports.ExtentReports loadConfig
WARNUNG: Unable to perform report configuration. The file C:\Users\a.khawaja\IdeaProjects\Capmo\ReportsConfig.xml was not found.
Starting ChromeDriver 96.0.4664.45 (76e4c1bb2ab4671b8beba3444e61c0f17584b2fc-refs/branch-heads/4664@{#947}) on port 2102
Only local connections are allowed.
Please see https://chromedriver.chromium.org/security-considerations for suggestions on keeping ChromeDriver safe.
ChromeDriver was started successfully.
Dez 06, 2021 7:40:37 AM org.openqa.selenium.remote.ProtocolHandshake createSession
INFORMATION: Detected dialect: W3C
]]></system-err>
  </testcase>
  <testcase name="verifyProductPageOpen[{Description=Happy path, ProductDescription=Get your testing superhero on with the Sauce Labs bolt T-shirt. From American Apparel, 100% ringspun combed cotton, heather gray with red bolt., Username=standard_user, ProductName=Sauce Labs Bolt T-Shirt, ProductPrice=$15.99, ProductPrice2=$49.99, SecondProductDescription=It&apos;s not every day that you come across a midweight quarter-zip fleece jacket capable of handling everything from a relaxing day outdoors to a busy day at the office., Password=secret_sauce, LastName=Test2, SecondProductName=Sauce Labs Fleece Jacket, ZipCode=4109.0, SecondProductPrice=49.99, FirstName=Test1, FirstProductPrice=15.99}](1)" classname="tests.ProductPageTests" time="3.749">
    <system-out><![CDATA[LoginTest
Test starts from row - 11
Total rows are  - 1
Total cols are  - 14
2021-12-06 07:40:39 INFO  : BasePage.TestBase :142 - Running on Windows Operating System with chrome browser
2021-12-06 07:40:41 INFO  PageBase: pages.PageBase :55 - Executing waitForElementTobeClickable command for the element: [[ChromeDriver: chrome on WINDOWS (bd6f26a4841a5e476c8844f4a1aa5507)] -> xpath: //input[@id='user-name']]
2021-12-06 07:40:41 INFO  PageBase: pages.PageBase :58 - Waiting for the element:[[ChromeDriver: chrome on WINDOWS (bd6f26a4841a5e476c8844f4a1aa5507)] -> xpath: //input[@id='user-name']] to be clickable
2021-12-06 07:40:41 INFO  PageBase: pages.PageBase :73 - Executing isElementPresent command on the element: [[ChromeDriver: chrome on WINDOWS (bd6f26a4841a5e476c8844f4a1aa5507)] -> xpath: //input[@id='user-name']]
2021-12-06 07:40:41 INFO  PageBase: pages.PageBase :42 - Executing INPUT text command for the element:[[ChromeDriver: chrome on WINDOWS (bd6f26a4841a5e476c8844f4a1aa5507)] -> xpath: //input[@id='user-name']] with value: standard_user
2021-12-06 07:40:41 INFO  PageBase: pages.PageBase :55 - Executing waitForElementTobeClickable command for the element: [[ChromeDriver: chrome on WINDOWS (bd6f26a4841a5e476c8844f4a1aa5507)] -> xpath: //input[@id='user-name']]
2021-12-06 07:40:41 INFO  PageBase: pages.PageBase :58 - Waiting for the element:[[ChromeDriver: chrome on WINDOWS (bd6f26a4841a5e476c8844f4a1aa5507)] -> xpath: //input[@id='user-name']] to be clickable
2021-12-06 07:40:41 INFO  PageBase: pages.PageBase :55 - Executing waitForElementTobeClickable command for the element: [[ChromeDriver: chrome on WINDOWS (bd6f26a4841a5e476c8844f4a1aa5507)] -> xpath: //input[@id='password']]
2021-12-06 07:40:41 INFO  PageBase: pages.PageBase :58 - Waiting for the element:[[ChromeDriver: chrome on WINDOWS (bd6f26a4841a5e476c8844f4a1aa5507)] -> xpath: //input[@id='password']] to be clickable
2021-12-06 07:40:41 INFO  PageBase: pages.PageBase :73 - Executing isElementPresent command on the element: [[ChromeDriver: chrome on WINDOWS (bd6f26a4841a5e476c8844f4a1aa5507)] -> xpath: //input[@id='password']]
2021-12-06 07:40:41 INFO  PageBase: pages.PageBase :42 - Executing INPUT text command for the element:[[ChromeDriver: chrome on WINDOWS (bd6f26a4841a5e476c8844f4a1aa5507)] -> xpath: //input[@id='password']] with value: secret_sauce
2021-12-06 07:40:41 INFO  PageBase: pages.PageBase :55 - Executing waitForElementTobeClickable command for the element: [[ChromeDriver: chrome on WINDOWS (bd6f26a4841a5e476c8844f4a1aa5507)] -> xpath: //input[@id='password']]
2021-12-06 07:40:41 INFO  PageBase: pages.PageBase :58 - Waiting for the element:[[ChromeDriver: chrome on WINDOWS (bd6f26a4841a5e476c8844f4a1aa5507)] -> xpath: //input[@id='password']] to be clickable
2021-12-06 07:40:42 INFO  PageBase: pages.PageBase :55 - Executing waitForElementTobeClickable command for the element: [[ChromeDriver: chrome on WINDOWS (bd6f26a4841a5e476c8844f4a1aa5507)] -> xpath: //input[@id='login-button']]
2021-12-06 07:40:42 INFO  PageBase: pages.PageBase :58 - Waiting for the element:[[ChromeDriver: chrome on WINDOWS (bd6f26a4841a5e476c8844f4a1aa5507)] -> xpath: //input[@id='login-button']] to be clickable
2021-12-06 07:40:42 INFO  PageBase: pages.PageBase :92 - Executing CLICK command on the element: [[ChromeDriver: chrome on WINDOWS (bd6f26a4841a5e476c8844f4a1aa5507)] -> xpath: //input[@id='login-button']]
2021-12-06 07:40:42 INFO  PageBase: pages.PageBase :73 - Executing isElementPresent command on the element: [[ChromeDriver: chrome on WINDOWS (bd6f26a4841a5e476c8844f4a1aa5507)] -> xpath: //input[@id='login-button']]
2021-12-06 07:40:42 INFO  PageBase: pages.PageBase :55 - Executing waitForElementTobeClickable command for the element: [[ChromeDriver: chrome on WINDOWS (bd6f26a4841a5e476c8844f4a1aa5507)] -> xpath: //input[@id='login-button']]
2021-12-06 07:40:42 INFO  PageBase: pages.PageBase :58 - Waiting for the element:[[ChromeDriver: chrome on WINDOWS (bd6f26a4841a5e476c8844f4a1aa5507)] -> xpath: //input[@id='login-button']] to be clickable
2021-12-06 07:40:42 INFO  PageBase: pages.PageBase :111 - Executing waitForPageToLoad command
2021-12-06 07:40:42 INFO  PageBase: pages.PageBase :112 - Waiting for the page to load completely
2021-12-06 07:40:42 INFO  PageBase: pages.PageBase :118 - Page is loaded completely
2021-12-06 07:40:42 INFO  PageBase: pages.PageBase :92 - Executing CLICK command on the element: [[ChromeDriver: chrome on WINDOWS (bd6f26a4841a5e476c8844f4a1aa5507)] -> xpath: //div[@class='inventory_list']//div[3]//div[@class='inventory_item_description']//div[@class='inventory_item_name']]
2021-12-06 07:40:42 INFO  PageBase: pages.PageBase :73 - Executing isElementPresent command on the element: [[ChromeDriver: chrome on WINDOWS (bd6f26a4841a5e476c8844f4a1aa5507)] -> xpath: //div[@class='inventory_list']//div[3]//div[@class='inventory_item_description']//div[@class='inventory_item_name']]
2021-12-06 07:40:42 INFO  PageBase: pages.PageBase :55 - Executing waitForElementTobeClickable command for the element: [[ChromeDriver: chrome on WINDOWS (bd6f26a4841a5e476c8844f4a1aa5507)] -> xpath: //div[@class='inventory_list']//div[3]//div[@class='inventory_item_description']//div[@class='inventory_item_name']]
2021-12-06 07:40:42 INFO  PageBase: pages.PageBase :58 - Waiting for the element:[[ChromeDriver: chrome on WINDOWS (bd6f26a4841a5e476c8844f4a1aa5507)] -> xpath: //div[@class='inventory_list']//div[3]//div[@class='inventory_item_description']//div[@class='inventory_item_name']] to be clickable
2021-12-06 07:40:42 INFO  PageBase: pages.PageBase :92 - Executing CLICK command on the element: [[ChromeDriver: chrome on WINDOWS (bd6f26a4841a5e476c8844f4a1aa5507)] -> xpath: //button[@id='back-to-products']]
2021-12-06 07:40:42 INFO  PageBase: pages.PageBase :73 - Executing isElementPresent command on the element: [[ChromeDriver: chrome on WINDOWS (bd6f26a4841a5e476c8844f4a1aa5507)] -> xpath: //button[@id='back-to-products']]
2021-12-06 07:40:42 INFO  PageBase: pages.PageBase :55 - Executing waitForElementTobeClickable command for the element: [[ChromeDriver: chrome on WINDOWS (bd6f26a4841a5e476c8844f4a1aa5507)] -> xpath: //button[@id='back-to-products']]
2021-12-06 07:40:42 INFO  PageBase: pages.PageBase :58 - Waiting for the element:[[ChromeDriver: chrome on WINDOWS (bd6f26a4841a5e476c8844f4a1aa5507)] -> xpath: //button[@id='back-to-products']] to be clickable
]]></system-out>
    <system-err><![CDATA[Dez 06, 2021 7:40:39 AM com.relevantcodes.extentreports.ExtentReports loadConfig
WARNUNG: Unable to perform report configuration. The file C:\Users\a.khawaja\IdeaProjects\Capmo\ReportsConfig.xml was not found.
Starting ChromeDriver 96.0.4664.45 (76e4c1bb2ab4671b8beba3444e61c0f17584b2fc-refs/branch-heads/4664@{#947}) on port 6675
Only local connections are allowed.
Please see https://chromedriver.chromium.org/security-considerations for suggestions on keeping ChromeDriver safe.
ChromeDriver was started successfully.
Dez 06, 2021 7:40:40 AM org.openqa.selenium.remote.ProtocolHandshake createSession
INFORMATION: Detected dialect: W3C
]]></system-err>
  </testcase>
  <testcase name="verifyProductPriceIsPresent[{Description=Happy path, ProductDescription=Get your testing superhero on with the Sauce Labs bolt T-shirt. From American Apparel, 100% ringspun combed cotton, heather gray with red bolt., Username=standard_user, ProductName=Sauce Labs Bolt T-Shirt, ProductPrice=$15.99, ProductPrice2=$49.99, SecondProductDescription=It&apos;s not every day that you come across a midweight quarter-zip fleece jacket capable of handling everything from a relaxing day outdoors to a busy day at the office., Password=secret_sauce, LastName=Test2, SecondProductName=Sauce Labs Fleece Jacket, ZipCode=4109.0, SecondProductPrice=49.99, FirstName=Test1, FirstProductPrice=15.99}](1)" classname="tests.ProductPageTests" time="2.957">
    <system-out><![CDATA[LoginTest
Test starts from row - 11
Total rows are  - 1
Total cols are  - 14
2021-12-06 07:40:43 INFO  : BasePage.TestBase :142 - Running on Windows Operating System with chrome browser
2021-12-06 07:40:44 INFO  PageBase: pages.PageBase :55 - Executing waitForElementTobeClickable command for the element: [[ChromeDriver: chrome on WINDOWS (6a43769d586d2e7f7824d29af4aeb72f)] -> xpath: //input[@id='user-name']]
2021-12-06 07:40:44 INFO  PageBase: pages.PageBase :58 - Waiting for the element:[[ChromeDriver: chrome on WINDOWS (6a43769d586d2e7f7824d29af4aeb72f)] -> xpath: //input[@id='user-name']] to be clickable
2021-12-06 07:40:44 INFO  PageBase: pages.PageBase :73 - Executing isElementPresent command on the element: [[ChromeDriver: chrome on WINDOWS (6a43769d586d2e7f7824d29af4aeb72f)] -> xpath: //input[@id='user-name']]
2021-12-06 07:40:44 INFO  PageBase: pages.PageBase :42 - Executing INPUT text command for the element:[[ChromeDriver: chrome on WINDOWS (6a43769d586d2e7f7824d29af4aeb72f)] -> xpath: //input[@id='user-name']] with value: standard_user
2021-12-06 07:40:45 INFO  PageBase: pages.PageBase :55 - Executing waitForElementTobeClickable command for the element: [[ChromeDriver: chrome on WINDOWS (6a43769d586d2e7f7824d29af4aeb72f)] -> xpath: //input[@id='user-name']]
2021-12-06 07:40:45 INFO  PageBase: pages.PageBase :58 - Waiting for the element:[[ChromeDriver: chrome on WINDOWS (6a43769d586d2e7f7824d29af4aeb72f)] -> xpath: //input[@id='user-name']] to be clickable
2021-12-06 07:40:45 INFO  PageBase: pages.PageBase :55 - Executing waitForElementTobeClickable command for the element: [[ChromeDriver: chrome on WINDOWS (6a43769d586d2e7f7824d29af4aeb72f)] -> xpath: //input[@id='password']]
2021-12-06 07:40:45 INFO  PageBase: pages.PageBase :58 - Waiting for the element:[[ChromeDriver: chrome on WINDOWS (6a43769d586d2e7f7824d29af4aeb72f)] -> xpath: //input[@id='password']] to be clickable
2021-12-06 07:40:45 INFO  PageBase: pages.PageBase :73 - Executing isElementPresent command on the element: [[ChromeDriver: chrome on WINDOWS (6a43769d586d2e7f7824d29af4aeb72f)] -> xpath: //input[@id='password']]
2021-12-06 07:40:45 INFO  PageBase: pages.PageBase :42 - Executing INPUT text command for the element:[[ChromeDriver: chrome on WINDOWS (6a43769d586d2e7f7824d29af4aeb72f)] -> xpath: //input[@id='password']] with value: secret_sauce
2021-12-06 07:40:45 INFO  PageBase: pages.PageBase :55 - Executing waitForElementTobeClickable command for the element: [[ChromeDriver: chrome on WINDOWS (6a43769d586d2e7f7824d29af4aeb72f)] -> xpath: //input[@id='password']]
2021-12-06 07:40:45 INFO  PageBase: pages.PageBase :58 - Waiting for the element:[[ChromeDriver: chrome on WINDOWS (6a43769d586d2e7f7824d29af4aeb72f)] -> xpath: //input[@id='password']] to be clickable
2021-12-06 07:40:45 INFO  PageBase: pages.PageBase :55 - Executing waitForElementTobeClickable command for the element: [[ChromeDriver: chrome on WINDOWS (6a43769d586d2e7f7824d29af4aeb72f)] -> xpath: //input[@id='login-button']]
2021-12-06 07:40:45 INFO  PageBase: pages.PageBase :58 - Waiting for the element:[[ChromeDriver: chrome on WINDOWS (6a43769d586d2e7f7824d29af4aeb72f)] -> xpath: //input[@id='login-button']] to be clickable
2021-12-06 07:40:45 INFO  PageBase: pages.PageBase :92 - Executing CLICK command on the element: [[ChromeDriver: chrome on WINDOWS (6a43769d586d2e7f7824d29af4aeb72f)] -> xpath: //input[@id='login-button']]
2021-12-06 07:40:45 INFO  PageBase: pages.PageBase :73 - Executing isElementPresent command on the element: [[ChromeDriver: chrome on WINDOWS (6a43769d586d2e7f7824d29af4aeb72f)] -> xpath: //input[@id='login-button']]
2021-12-06 07:40:45 INFO  PageBase: pages.PageBase :55 - Executing waitForElementTobeClickable command for the element: [[ChromeDriver: chrome on WINDOWS (6a43769d586d2e7f7824d29af4aeb72f)] -> xpath: //input[@id='login-button']]
2021-12-06 07:40:45 INFO  PageBase: pages.PageBase :58 - Waiting for the element:[[ChromeDriver: chrome on WINDOWS (6a43769d586d2e7f7824d29af4aeb72f)] -> xpath: //input[@id='login-button']] to be clickable
2021-12-06 07:40:45 INFO  PageBase: pages.PageBase :111 - Executing waitForPageToLoad command
2021-12-06 07:40:45 INFO  PageBase: pages.PageBase :112 - Waiting for the page to load completely
2021-12-06 07:40:45 INFO  PageBase: pages.PageBase :118 - Page is loaded completely
]]></system-out>
    <system-err><![CDATA[Dez 06, 2021 7:40:43 AM com.relevantcodes.extentreports.ExtentReports loadConfig
WARNUNG: Unable to perform report configuration. The file C:\Users\a.khawaja\IdeaProjects\Capmo\ReportsConfig.xml was not found.
Starting ChromeDriver 96.0.4664.45 (76e4c1bb2ab4671b8beba3444e61c0f17584b2fc-refs/branch-heads/4664@{#947}) on port 38704
Only local connections are allowed.
Please see https://chromedriver.chromium.org/security-considerations for suggestions on keeping ChromeDriver safe.
ChromeDriver was started successfully.
Dez 06, 2021 7:40:44 AM org.openqa.selenium.remote.ProtocolHandshake createSession
INFORMATION: Detected dialect: W3C
]]></system-err>
  </testcase>
  <testcase name="verifyProductTitleIsPresent[{Description=Happy path, ProductDescription=Get your testing superhero on with the Sauce Labs bolt T-shirt. From American Apparel, 100% ringspun combed cotton, heather gray with red bolt., Username=standard_user, ProductName=Sauce Labs Bolt T-Shirt, ProductPrice=$15.99, ProductPrice2=$49.99, SecondProductDescription=It&apos;s not every day that you come across a midweight quarter-zip fleece jacket capable of handling everything from a relaxing day outdoors to a busy day at the office., Password=secret_sauce, LastName=Test2, SecondProductName=Sauce Labs Fleece Jacket, ZipCode=4109.0, SecondProductPrice=49.99, FirstName=Test1, FirstProductPrice=15.99}](1)" classname="tests.ProductPageTests" time="3.344">
    <system-out><![CDATA[LoginTest
Test starts from row - 11
Total rows are  - 1
Total cols are  - 14
2021-12-06 07:40:46 INFO  : BasePage.TestBase :142 - Running on Windows Operating System with chrome browser
2021-12-06 07:40:48 INFO  PageBase: pages.PageBase :55 - Executing waitForElementTobeClickable command for the element: [[ChromeDriver: chrome on WINDOWS (9b58532b622e77e29dba7e61a1bbc70d)] -> xpath: //input[@id='user-name']]
2021-12-06 07:40:48 INFO  PageBase: pages.PageBase :58 - Waiting for the element:[[ChromeDriver: chrome on WINDOWS (9b58532b622e77e29dba7e61a1bbc70d)] -> xpath: //input[@id='user-name']] to be clickable
2021-12-06 07:40:48 INFO  PageBase: pages.PageBase :73 - Executing isElementPresent command on the element: [[ChromeDriver: chrome on WINDOWS (9b58532b622e77e29dba7e61a1bbc70d)] -> xpath: //input[@id='user-name']]
2021-12-06 07:40:48 INFO  PageBase: pages.PageBase :42 - Executing INPUT text command for the element:[[ChromeDriver: chrome on WINDOWS (9b58532b622e77e29dba7e61a1bbc70d)] -> xpath: //input[@id='user-name']] with value: standard_user
2021-12-06 07:40:48 INFO  PageBase: pages.PageBase :55 - Executing waitForElementTobeClickable command for the element: [[ChromeDriver: chrome on WINDOWS (9b58532b622e77e29dba7e61a1bbc70d)] -> xpath: //input[@id='user-name']]
2021-12-06 07:40:48 INFO  PageBase: pages.PageBase :58 - Waiting for the element:[[ChromeDriver: chrome on WINDOWS (9b58532b622e77e29dba7e61a1bbc70d)] -> xpath: //input[@id='user-name']] to be clickable
2021-12-06 07:40:48 INFO  PageBase: pages.PageBase :55 - Executing waitForElementTobeClickable command for the element: [[ChromeDriver: chrome on WINDOWS (9b58532b622e77e29dba7e61a1bbc70d)] -> xpath: //input[@id='password']]
2021-12-06 07:40:48 INFO  PageBase: pages.PageBase :58 - Waiting for the element:[[ChromeDriver: chrome on WINDOWS (9b58532b622e77e29dba7e61a1bbc70d)] -> xpath: //input[@id='password']] to be clickable
2021-12-06 07:40:48 INFO  PageBase: pages.PageBase :73 - Executing isElementPresent command on the element: [[ChromeDriver: chrome on WINDOWS (9b58532b622e77e29dba7e61a1bbc70d)] -> xpath: //input[@id='password']]
2021-12-06 07:40:48 INFO  PageBase: pages.PageBase :42 - Executing INPUT text command for the element:[[ChromeDriver: chrome on WINDOWS (9b58532b622e77e29dba7e61a1bbc70d)] -> xpath: //input[@id='password']] with value: secret_sauce
2021-12-06 07:40:48 INFO  PageBase: pages.PageBase :55 - Executing waitForElementTobeClickable command for the element: [[ChromeDriver: chrome on WINDOWS (9b58532b622e77e29dba7e61a1bbc70d)] -> xpath: //input[@id='password']]
2021-12-06 07:40:48 INFO  PageBase: pages.PageBase :58 - Waiting for the element:[[ChromeDriver: chrome on WINDOWS (9b58532b622e77e29dba7e61a1bbc70d)] -> xpath: //input[@id='password']] to be clickable
2021-12-06 07:40:48 INFO  PageBase: pages.PageBase :55 - Executing waitForElementTobeClickable command for the element: [[ChromeDriver: chrome on WINDOWS (9b58532b622e77e29dba7e61a1bbc70d)] -> xpath: //input[@id='login-button']]
2021-12-06 07:40:48 INFO  PageBase: pages.PageBase :58 - Waiting for the element:[[ChromeDriver: chrome on WINDOWS (9b58532b622e77e29dba7e61a1bbc70d)] -> xpath: //input[@id='login-button']] to be clickable
2021-12-06 07:40:49 INFO  PageBase: pages.PageBase :92 - Executing CLICK command on the element: [[ChromeDriver: chrome on WINDOWS (9b58532b622e77e29dba7e61a1bbc70d)] -> xpath: //input[@id='login-button']]
2021-12-06 07:40:49 INFO  PageBase: pages.PageBase :73 - Executing isElementPresent command on the element: [[ChromeDriver: chrome on WINDOWS (9b58532b622e77e29dba7e61a1bbc70d)] -> xpath: //input[@id='login-button']]
2021-12-06 07:40:49 INFO  PageBase: pages.PageBase :55 - Executing waitForElementTobeClickable command for the element: [[ChromeDriver: chrome on WINDOWS (9b58532b622e77e29dba7e61a1bbc70d)] -> xpath: //input[@id='login-button']]
2021-12-06 07:40:49 INFO  PageBase: pages.PageBase :58 - Waiting for the element:[[ChromeDriver: chrome on WINDOWS (9b58532b622e77e29dba7e61a1bbc70d)] -> xpath: //input[@id='login-button']] to be clickable
2021-12-06 07:40:49 INFO  PageBase: pages.PageBase :111 - Executing waitForPageToLoad command
2021-12-06 07:40:49 INFO  PageBase: pages.PageBase :112 - Waiting for the page to load completely
2021-12-06 07:40:49 INFO  PageBase: pages.PageBase :118 - Page is loaded completely
]]></system-out>
    <system-err><![CDATA[Dez 06, 2021 7:40:46 AM com.relevantcodes.extentreports.ExtentReports loadConfig
WARNUNG: Unable to perform report configuration. The file C:\Users\a.khawaja\IdeaProjects\Capmo\ReportsConfig.xml was not found.
Starting ChromeDriver 96.0.4664.45 (76e4c1bb2ab4671b8beba3444e61c0f17584b2fc-refs/branch-heads/4664@{#947}) on port 45415
Only local connections are allowed.
Please see https://chromedriver.chromium.org/security-considerations for suggestions on keeping ChromeDriver safe.
ChromeDriver was started successfully.
Dez 06, 2021 7:40:47 AM org.openqa.selenium.remote.ProtocolHandshake createSession
INFORMATION: Detected dialect: W3C
]]></system-err>
  </testcase>
</testsuite>