<?xml version="1.0" encoding="UTF-8"?>
<!-- Generated by org.testng.reporters.JUnitReportReporter -->
<testsuite skipped="0" hostname="TWI-01-004" name="tests.LoginTest" tests="1" failures="0" timestamp="06 Dez 2021 06:40:50 GMT" time="2.831" errors="0">
  <testcase name="LoginPage" time="2.831" classname="tests.LoginTest"/>
</testsuite> <!-- tests.LoginTest -->
