<?xml version="1.0" encoding="UTF-8"?>
<!-- Generated by org.testng.reporters.JUnitReportReporter -->
<testsuite skipped="0" hostname="TWI-01-004" name="tests.ProductPageTests" tests="7" failures="0" timestamp="06 Dez 2021 06:40:50 GMT" time="23.028" errors="0">
  <testcase name="verifyProductPageIsNOTEmpty" time="2.876" classname="tests.ProductPageTests"/>
  <testcase name="verifyProductPageOpen" time="3.763" classname="tests.ProductPageTests"/>
  <testcase name="verifyProductAddedToCart" time="3.402" classname="tests.ProductPageTests"/>
  <testcase name="verifyAllProductImagesArePresent" time="3.489" classname="tests.ProductPageTests"/>
  <testcase name="verifyProductTitleIsPresent" time="3.349" classname="tests.ProductPageTests"/>
  <testcase name="verifyProductDescriptionIsPresent" time="3.187" classname="tests.ProductPageTests"/>
  <testcase name="verifyProductPriceIsPresent" time="2.962" classname="tests.ProductPageTests"/>
</testsuite> <!-- tests.ProductPageTests -->
