<?xml version="1.0" encoding="UTF-8"?>
<!-- Generated by org.testng.reporters.JUnitReportReporter -->
<testsuite skipped="0" hostname="TWI-01-004" name="tests.CartPageTests" tests="3" failures="0" timestamp="06 Dez 2021 06:40:50 GMT" time="13.103" errors="0">
  <testcase name="verifyClickOnBackToShopping" time="3.630" classname="tests.CartPageTests"/>
  <testcase name="verifyCartPage" time="5.004" classname="tests.CartPageTests"/>
  <testcase name="verifyProductRemovalFromCart" time="4.469" classname="tests.CartPageTests"/>
</testsuite> <!-- tests.CartPageTests -->
