<?xml version="1.0" encoding="UTF-8"?>
<!-- Generated by org.testng.reporters.JUnitReportReporter -->
<testsuite skipped="0" hostname="TWI-01-004" name="tests.LoginFailure" tests="2" failures="0" timestamp="06 Dez 2021 06:40:50 GMT" time="6.426" errors="0">
  <testcase name="LoginFailure" time="3.122" classname="tests.LoginFailure"/>
  <testcase name="LoginFailure" time="3.304" classname="tests.LoginFailure"/>
</testsuite> <!-- tests.LoginFailure -->
