<?xml version="1.0" encoding="UTF-8"?>
<!-- Generated by org.testng.reporters.JUnitReportReporter -->
<testsuite skipped="0" hostname="TWI-01-004" name="tests.CheckOutPageTests" tests="2" failures="0" timestamp="06 Dez 2021 06:40:50 GMT" time="11.451" errors="0">
  <testcase name="verifyCheckOutOrder" time="5.921" classname="tests.CheckOutPageTests"/>
  <testcase name="verifyOderCancelOnCheckOutPage" time="5.530" classname="tests.CheckOutPageTests"/>
</testsuite> <!-- tests.CheckOutPageTests -->
